This file contains any messages produced by compilers while
running configure, to aid debugging if configure makes a mistake.

It was created by curlInterface configure GAP package, which was
generated by GNU Autoconf 2.72.  Invocation command line was

  $ ./configure --with-gaproot=/host/sage-manylinux_2_28_x86_64/lib/gap/

## --------- ##
## Platform. ##
## --------- ##

hostname = d4710630b142
uname -m = x86_64
uname -r = 6.11.0-1018-azure
uname -s = Linux
uname -v = #18~24.04.1-Ubuntu SMP Sat Jun 28 04:46:03 UTC 2025

/usr/bin/uname -p = x86_64
/bin/uname -X     = unknown

/bin/arch              = x86_64
/usr/bin/arch -k       = unknown
/usr/convex/getsysinfo = unknown
/usr/bin/hostinfo      = unknown
/bin/machine           = unknown
/usr/bin/oslevel       = unknown
/bin/universe          = unknown

PATH: /host/sage-manylinux_2_28_x86_64/libexec/ccache/
PATH: /project/build/bin/
PATH: /project/tools/
PATH: /host/sage-manylinux_2_28_x86_64/var/lib/sage/venv-python3.9/bin/
PATH: /host/sage-manylinux_2_28_x86_64/bin/
PATH: /host/sage-manylinux_2_28_x86_64/libexec/ccache/
PATH: /project/build/bin/
PATH: /project/tools/
PATH: /host/sage-manylinux_2_28_x86_64/bin/
PATH: /project/src/bin/
PATH: /host/sage-manylinux_2_28_x86_64/bin/
PATH: /project/build/bin/
PATH: /project/src/bin/
PATH: /host/sage-manylinux_2_28_x86_64/bin/
PATH: /project/prefix/bin/
PATH: /opt/python/cp39-cp39/bin/
PATH: /opt/rh/gcc-toolset-14/root/usr/bin/
PATH: /usr/local/sbin/
PATH: /usr/local/bin/
PATH: /usr/sbin/
PATH: /usr/bin/
PATH: /sbin/
PATH: /bin/


## ----------- ##
## Core tests. ##
## ----------- ##

configure:2365: checking for gcc
configure:2398: result: gcc
configure:2757: checking for C compiler version
configure:2766: gcc --version >&5
gcc (GCC) 14.2.1 20250110 (Red Hat 14.2.1-7)
Copyright (C) 2024 Free Software Foundation, Inc.
This is free software; see the source for copying conditions.  There is NO
warranty; not even for MERCHANTABILITY or FITNESS FOR A PARTICULAR PURPOSE.

configure:2777: $? = 0
configure:2766: gcc -v >&5
Using built-in specs.
COLLECT_GCC=/opt/rh/gcc-toolset-14/root/usr/bin/gcc
COLLECT_LTO_WRAPPER=/opt/rh/gcc-toolset-14/root/usr/libexec/gcc/x86_64-redhat-linux/14/lto-wrapper
OFFLOAD_TARGET_NAMES=nvptx-none
OFFLOAD_TARGET_DEFAULT=1
Target: x86_64-redhat-linux
Configured with: ../configure --enable-bootstrap --enable-languages=c,c++,fortran,lto --prefix=/opt/rh/gcc-toolset-14/root/usr --mandir=/opt/rh/gcc-toolset-14/root/usr/share/man --infodir=/opt/rh/gcc-toolset-14/root/usr/share/info --with-bugurl=http://bugzilla.redhat.com/bugzilla --enable-shared --enable-threads=posix --enable-checking=release --enable-multilib --with-system-zlib --enable-__cxa_atexit --disable-libunwind-exceptions --enable-gnu-unique-object --enable-linker-build-id --with-gcc-major-version-only --enable-libstdcxx-backtrace --with-libstdcxx-zoneinfo=/usr/share/zoneinfo --with-linker-hash-style=gnu --enable-plugin --enable-initfini-array --with-isl=/builddir/build/BUILD/gcc-14.2.1-20250110/obj-x86_64-redhat-linux/isl-install --enable-offload-targets=nvptx-none --without-cuda-driver --enable-offload-defaulted --enable-gnu-indirect-function --enable-cet --with-tune=generic --with-arch_32=x86-64 --build=x86_64-redhat-linux
Thread model: posix
Supported LTO compression algorithms: zlib zstd
gcc version 14.2.1 20250110 (Red Hat 14.2.1-7) (GCC) 
... rest of stderr output deleted ...
configure:2777: $? = 0
configure:2766: gcc -V >&5
gcc: error: unrecognized command-line option '-V'
gcc: fatal error: no input files
compilation terminated.
configure:2777: $? = 1
configure:2766: gcc -qversion >&5
gcc: error: unrecognized command-line option '-qversion'; did you mean '--version'?
gcc: fatal error: no input files
compilation terminated.
configure:2777: $? = 1
configure:2766: gcc -version >&5
gcc: error: unrecognized command-line option '-version'
gcc: fatal error: no input files
compilation terminated.
configure:2777: $? = 1
configure:2797: checking whether the C compiler works
configure:2819: gcc -g -O2 -std=gnu17 -Wno-implicit-function-declaration  -Wl,-rpath-link,/host/sage-manylinux_2_28_x86_64/lib -L/host/sage-manylinux_2_28_x86_64/lib -Wl,-rpath,/host/sage-manylinux_2_28_x86_64/lib -Wl,-rpath-link,/host/sage-manylinux_2_28_x86_64/lib -L/host/sage-manylinux_2_28_x86_64/lib -Wl,-rpath,/host/sage-manylinux_2_28_x86_64/lib  conftest.c  >&5
configure:2823: $? = 0
configure:2874: result: yes
configure:2878: checking for C compiler default output file name
configure:2880: result: a.out
configure:2886: checking for suffix of executables
configure:2893: gcc -o conftest -g -O2 -std=gnu17 -Wno-implicit-function-declaration  -Wl,-rpath-link,/host/sage-manylinux_2_28_x86_64/lib -L/host/sage-manylinux_2_28_x86_64/lib -Wl,-rpath,/host/sage-manylinux_2_28_x86_64/lib -Wl,-rpath-link,/host/sage-manylinux_2_28_x86_64/lib -L/host/sage-manylinux_2_28_x86_64/lib -Wl,-rpath,/host/sage-manylinux_2_28_x86_64/lib  conftest.c  >&5
configure:2897: $? = 0
configure:2921: result: 
configure:2945: checking whether we are cross compiling
configure:2953: gcc -o conftest -g -O2 -std=gnu17 -Wno-implicit-function-declaration  -Wl,-rpath-link,/host/sage-manylinux_2_28_x86_64/lib -L/host/sage-manylinux_2_28_x86_64/lib -Wl,-rpath,/host/sage-manylinux_2_28_x86_64/lib -Wl,-rpath-link,/host/sage-manylinux_2_28_x86_64/lib -L/host/sage-manylinux_2_28_x86_64/lib -Wl,-rpath,/host/sage-manylinux_2_28_x86_64/lib  conftest.c  >&5
configure:2957: $? = 0
configure:2964: ./conftest
configure:2968: $? = 0
configure:2983: result: no
configure:2989: checking for suffix of object files
configure:3012: gcc -c -g -O2 -std=gnu17 -Wno-implicit-function-declaration  conftest.c >&5
configure:3016: $? = 0
configure:3040: result: o
configure:3044: checking whether the compiler supports GNU C
configure:3064: gcc -c -g -O2 -std=gnu17 -Wno-implicit-function-declaration  conftest.c >&5
configure:3064: $? = 0
configure:3076: result: yes
configure:3087: checking whether gcc accepts -g
configure:3108: gcc -c -g  conftest.c >&5
configure:3108: $? = 0
configure:3155: result: yes
configure:3175: checking for gcc option to enable C11 features
configure:3190: gcc  -c -g -O2 -std=gnu17 -Wno-implicit-function-declaration  conftest.c >&5
configure:3190: $? = 0
configure:3209: result: none needed
configure:3350: checking for GAP root directory
configure:3367: result: /host/sage-manylinux_2_28_x86_64/lib/gap
configure:3391: checking for GAP architecture
configure:3398: result: x86_64-pc-linux-gnu-default64-kv9
configure:3487: checking for gawk
configure:3508: found /usr/bin/gawk
configure:3520: result: gawk
configure:3588: checking for curl-config
configure:3611: found /host/sage-manylinux_2_28_x86_64/bin/curl-config
configure:3624: result: /host/sage-manylinux_2_28_x86_64/bin/curl-config
configure:3635: checking for the version of libcurl
configure:3644: result: 8.15.0
configure:3707: checking whether libcurl is usable
configure:3742: gcc -o conftest -g -O2 -std=gnu17 -Wno-implicit-function-declaration  -I/host/sage-manylinux_2_28_x86_64/include  -Wl,-rpath-link,/host/sage-manylinux_2_28_x86_64/lib -L/host/sage-manylinux_2_28_x86_64/lib -Wl,-rpath,/host/sage-manylinux_2_28_x86_64/lib -Wl,-rpath-link,/host/sage-manylinux_2_28_x86_64/lib -L/host/sage-manylinux_2_28_x86_64/lib -Wl,-rpath,/host/sage-manylinux_2_28_x86_64/lib  conftest.c -L/host/sage-manylinux_2_28_x86_64/lib -lcurl  >&5
configure:3742: $? = 0
configure:3759: result: yes
configure:3772: checking for curl_free
configure:3772: gcc -o conftest -g -O2 -std=gnu17 -Wno-implicit-function-declaration   -I/host/sage-manylinux_2_28_x86_64/include -Wl,-rpath-link,/host/sage-manylinux_2_28_x86_64/lib -L/host/sage-manylinux_2_28_x86_64/lib -Wl,-rpath,/host/sage-manylinux_2_28_x86_64/lib -Wl,-rpath-link,/host/sage-manylinux_2_28_x86_64/lib -L/host/sage-manylinux_2_28_x86_64/lib -Wl,-rpath,/host/sage-manylinux_2_28_x86_64/lib  conftest.c  -L/host/sage-manylinux_2_28_x86_64/lib -lcurl >&5
configure:3772: $? = 0
configure:3772: result: yes
configure:3977: creating ./config.status

## ---------------------- ##
## Running config.status. ##
## ---------------------- ##

This file was extended by curlInterface config.status GAP package, which was
generated by GNU Autoconf 2.72.  Invocation command line was

  CONFIG_FILES    = 
  CONFIG_HEADERS  = 
  CONFIG_LINKS    = 
  CONFIG_COMMANDS = 
  $ ./config.status 

on d4710630b142

config.status:828: creating Makefile
config.status:828: creating gen/pkgconfig.h

## ---------------- ##
## Cache variables. ##
## ---------------- ##

ac_cv_c_compiler_gnu=yes
ac_cv_env_CC_set=set
ac_cv_env_CC_value=gcc
ac_cv_env_CFLAGS_set=set
ac_cv_env_CFLAGS_value='-g -O2 -std=gnu17 -Wno-implicit-function-declaration'
ac_cv_env_CPPFLAGS_set=
ac_cv_env_CPPFLAGS_value=
ac_cv_env_LDFLAGS_set=set
ac_cv_env_LDFLAGS_value='-Wl,-rpath-link,/host/sage-manylinux_2_28_x86_64/lib -L/host/sage-manylinux_2_28_x86_64/lib -Wl,-rpath,/host/sage-manylinux_2_28_x86_64/lib -Wl,-rpath-link,/host/sage-manylinux_2_28_x86_64/lib -L/host/sage-manylinux_2_28_x86_64/lib -Wl,-rpath,/host/sage-manylinux_2_28_x86_64/lib '
ac_cv_env_LIBS_set=
ac_cv_env_LIBS_value=
ac_cv_env_build_alias_set=
ac_cv_env_build_alias_value=
ac_cv_env_host_alias_set=
ac_cv_env_host_alias_value=
ac_cv_env_target_alias_set=
ac_cv_env_target_alias_value=
ac_cv_func_curl_free=yes
ac_cv_objext=o
ac_cv_path__libcurl_config=/host/sage-manylinux_2_28_x86_64/bin/curl-config
ac_cv_prog_AWK=gawk
ac_cv_prog_ac_ct_CC=gcc
ac_cv_prog_cc_c11=
ac_cv_prog_cc_g=yes
ac_cv_prog_cc_stdc=
libcurl_cv_lib_curl_usable=yes
libcurl_cv_lib_curl_version=8.15.0

## ----------------- ##
## Output variables. ##
## ----------------- ##

AWK='gawk'
CC='gcc'
CFLAGS='-g -O2 -std=gnu17 -Wno-implicit-function-declaration'
CPPFLAGS=''
DEFS='-DHAVE_CONFIG_H'
ECHO_C=''
ECHO_N='-n'
ECHO_T=''
EXEEXT=''
GAPARCH='x86_64-pc-linux-gnu-default64-kv9'
GAPROOT='/host/sage-manylinux_2_28_x86_64/lib/gap'
GAP_CFLAGS=' -pthread -g -O2'
GAP_CPPFLAGS='-I/host/sage-manylinux_2_28_x86_64/include/gap -I/host/sage-manylinux_2_28_x86_64/include -DUSE_GASMAN=1 -I/src'
GAP_LDFLAGS=''
LDFLAGS='-Wl,-rpath-link,/host/sage-manylinux_2_28_x86_64/lib -L/host/sage-manylinux_2_28_x86_64/lib -Wl,-rpath,/host/sage-manylinux_2_28_x86_64/lib -Wl,-rpath-link,/host/sage-manylinux_2_28_x86_64/lib -L/host/sage-manylinux_2_28_x86_64/lib -Wl,-rpath,/host/sage-manylinux_2_28_x86_64/lib '
LIBCURL='-L/host/sage-manylinux_2_28_x86_64/lib -lcurl'
LIBCURL_CPPFLAGS=' -I/host/sage-manylinux_2_28_x86_64/include'
LIBOBJS=''
LIBS=''
LTLIBOBJS=''
OBJEXT='o'
PACKAGE_BUGREPORT=''
PACKAGE_NAME='curlInterface'
PACKAGE_STRING='curlInterface GAP package'
PACKAGE_TARNAME='curlinterface'
PACKAGE_URL=''
PACKAGE_VERSION='GAP package'
PATH_SEPARATOR=':'
SHELL='/bin/sh'
_libcurl_config=''
ac_ct_CC='gcc'
bindir='${exec_prefix}/bin'
build_alias=''
datadir='${datarootdir}'
datarootdir='${prefix}/share'
docdir='${datarootdir}/doc/${PACKAGE_TARNAME}'
dvidir='${docdir}'
exec_prefix='${prefix}'
host_alias=''
htmldir='${docdir}'
includedir='${prefix}/include'
infodir='${datarootdir}/info'
libdir='${exec_prefix}/lib'
libexecdir='${exec_prefix}/libexec'
localedir='${datarootdir}/locale'
localstatedir='${prefix}/var'
mandir='${datarootdir}/man'
oldincludedir='/usr/include'
pdfdir='${docdir}'
prefix='/usr/local'
program_transform_name='s,x,x,'
psdir='${docdir}'
runstatedir='${localstatedir}/run'
sbindir='${exec_prefix}/sbin'
sharedstatedir='${prefix}/com'
sysconfdir='${prefix}/etc'
target_alias=''

## ----------- ##
## confdefs.h. ##
## ----------- ##

/* confdefs.h */
#define PACKAGE_NAME "curlInterface"
#define PACKAGE_TARNAME "curlinterface"
#define PACKAGE_VERSION "GAP package"
#define PACKAGE_STRING "curlInterface GAP package"
#define PACKAGE_BUGREPORT ""
#define PACKAGE_URL ""
#define HAVE_LIBCURL 1
#define LIBCURL_FEATURE_ALT_SVC 1
#define LIBCURL_FEATURE_ASYNCHDNS 1
#define LIBCURL_FEATURE_HSTS 1
#define LIBCURL_FEATURE_HTTPS_PROXY 1
#define LIBCURL_FEATURE_IPV6 1
#define LIBCURL_FEATURE_LARGEFILE 1
#define LIBCURL_FEATURE_LIBZ 1
#define LIBCURL_FEATURE_NTLM 1
#define LIBCURL_FEATURE_SSL 1
#define LIBCURL_FEATURE_THREADSAFE 1
#define LIBCURL_FEATURE_TLS_SRP 1
#define LIBCURL_FEATURE_UNIXSOCKETS 1
#define LIBCURL_PROTOCOL_DICT 1
#define LIBCURL_PROTOCOL_FILE 1
#define LIBCURL_PROTOCOL_FTP 1
#define LIBCURL_PROTOCOL_FTPS 1
#define LIBCURL_PROTOCOL_GOPHER 1
#define LIBCURL_PROTOCOL_GOPHERS 1
#define LIBCURL_PROTOCOL_HTTP 1
#define LIBCURL_PROTOCOL_HTTPS 1
#define LIBCURL_PROTOCOL_IMAP 1
#define LIBCURL_PROTOCOL_IMAPS 1
#define LIBCURL_PROTOCOL_IPFS 1
#define LIBCURL_PROTOCOL_IPNS 1
#define LIBCURL_PROTOCOL_MQTT 1
#define LIBCURL_PROTOCOL_POP3 1
#define LIBCURL_PROTOCOL_POP3S 1
#define LIBCURL_PROTOCOL_SMB 1
#define LIBCURL_PROTOCOL_SMBS 1
#define LIBCURL_PROTOCOL_SMTP 1
#define LIBCURL_PROTOCOL_SMTPS 1
#define LIBCURL_PROTOCOL_TELNET 1
#define LIBCURL_PROTOCOL_TFTP 1
#define LIBCURL_PROTOCOL_WS 1
#define LIBCURL_PROTOCOL_WSS 1

configure: exit 0

## ---------------------- ##
## Running config.status. ##
## ---------------------- ##

This file was extended by curlInterface config.status GAP package, which was
generated by GNU Autoconf 2.72.  Invocation command line was

  CONFIG_FILES    = 
  CONFIG_HEADERS  = 
  CONFIG_LINKS    = 
  CONFIG_COMMANDS = 
  $ ./config.status gen/pkgconfig.h

on d4710630b142

config.status:828: creating gen/pkgconfig.h
