Traceback (most recent call last):
  File "c:\program files\python\lib\runpy.py", line 194, in _run_module_as_main
    return _run_code(code, main_globals, None,
  File "c:\program files\python\lib\runpy.py", line 87, in _run_code
    exec(code, run_globals)
  File "C:\Program Files\python\Scripts\mitmdump.exe\__main__.py", line 4, in <module>
  File "c:\program files\python\lib\site-packages\mitmproxy\tools\main.py", line 8, in <module>
    from mitmproxy import exceptions, master
  File "c:\program files\python\lib\site-packages\mitmproxy\master.py", line 7, in <module>
    from mitmproxy import eventsequence
  File "c:\program files\python\lib\site-packages\mitmproxy\eventsequence.py", line 7, in <module>
    from mitmproxy.proxy import layers
  File "c:\program files\python\lib\site-packages\mitmproxy\proxy\layers\__init__.py", line 1, in <module>
    from . import modes
  File "c:\program files\python\lib\site-packages\mitmproxy\proxy\layers\modes.py", line 11, in <module>
    from mitmproxy.proxy.layers import tls
  File "c:\program files\python\lib\site-packages\mitmproxy\proxy\layers\tls.py", line 7, in <module>
    from mitmproxy.tls import ClientHello, ClientHelloData, TlsData
  File "c:\program files\python\lib\site-packages\mitmproxy\tls.py", line 9, in <module>
    from mitmproxy.contrib.kaitaistruct import tls_client_hello
  File "c:\program files\python\lib\site-packages\mitmproxy\contrib\kaitaistruct\tls_client_hello.py", line 7, in <module>
    from pkg_resources import parse_version
  File "c:\program files\python\lib\site-packages\pkg_resources\__init__.py", line 3673, in <module>
    def _initialize_master_working_set():
  File "c:\program files\python\lib\site-packages\pkg_resources\__init__.py", line 3656, in _call_aside
    f(*args, **kwargs)
  File "c:\program files\python\lib\site-packages\pkg_resources\__init__.py", line 3697, in _initialize_master_working_set
    tuple(dist.activate(replace=False) for dist in working_set)
  File "c:\program files\python\lib\site-packages\pkg_resources\__init__.py", line 3697, in <genexpr>
    tuple(dist.activate(replace=False) for dist in working_set)
  File "c:\program files\python\lib\site-packages\pkg_resources\__init__.py", line 3151, in activate
    fixup_namespace_packages(self.location)
  File "c:\program files\python\lib\site-packages\pkg_resources\__init__.py", line 2590, in fixup_namespace_packages
    subpath = _handle_ns(package, path_item)
  File "c:\program files\python\lib\site-packages\pkg_resources\__init__.py", line 2480, in _handle_ns
    spec = importer.find_spec(packageName)
  File "<frozen importlib._bootstrap_external>", line 1439, in find_spec
  File "<frozen importlib._bootstrap_external>", line 87, in _path_stat
KeyboardInterrupt
