This file contains any messages produced by compilers while
running configure, to aid debugging if configure makes a mistake.

It was created by Simpcomp Bistellar configure 1.0, which was
generated by GNU Autoconf 2.69.  Invocation command line was

  $ ./configure --with-gaproot=/host/sage-manylinux_2_28_aarch64/lib/gap/

## --------- ##
## Platform. ##
## --------- ##

hostname = e648d63e0f7d
uname -m = aarch64
uname -r = 6.11.0-1015-azure
uname -s = Linux
uname -v = #15~24.04.1-Ubuntu SMP Thu May  1 03:01:44 UTC 2025

/usr/bin/uname -p = aarch64
/bin/uname -X     = unknown

/bin/arch              = aarch64
/usr/bin/arch -k       = unknown
/usr/convex/getsysinfo = unknown
/usr/bin/hostinfo      = unknown
/bin/machine           = unknown
/usr/bin/oslevel       = unknown
/bin/universe          = unknown

PATH: /host/sage-manylinux_2_28_aarch64/libexec/ccache
PATH: /project/build/bin
PATH: /project/tools
PATH: /host/sage-manylinux_2_28_aarch64/var/lib/sage/venv-python3.9/bin
PATH: /host/sage-manylinux_2_28_aarch64/bin
PATH: /host/sage-manylinux_2_28_aarch64/libexec/ccache
PATH: /project/build/bin
PATH: /project/tools
PATH: /host/sage-manylinux_2_28_aarch64/bin
PATH: /project/src/bin
PATH: /host/sage-manylinux_2_28_aarch64/bin
PATH: /project/build/bin
PATH: /project/src/bin
PATH: /host/sage-manylinux_2_28_aarch64/bin
PATH: /project/prefix/bin
PATH: /opt/python/cp39-cp39/bin
PATH: /opt/rh/gcc-toolset-14/root/usr/bin
PATH: /usr/local/sbin
PATH: /usr/local/bin
PATH: /usr/sbin
PATH: /usr/bin
PATH: /sbin
PATH: /bin


## ----------- ##
## Core tests. ##
## ----------- ##

configure:1843: checking for a BSD-compatible install
configure:1911: result: /usr/bin/install -c
configure:1922: checking whether build environment is sane
configure:1977: result: yes
configure:2128: checking for a thread-safe mkdir -p
configure:2167: result: /usr/bin/mkdir -p
configure:2174: checking for gawk
configure:2190: found /usr/bin/gawk
configure:2201: result: gawk
configure:2212: checking whether make sets $(MAKE)
configure:2234: result: yes
configure:2263: checking whether make supports nested variables
configure:2280: result: yes
configure:2510: checking for C++ compiler version
configure:2519: g++ -std=gnu++11 --version >&5
g++ (GCC) 14.2.1 20250110 (Red Hat 14.2.1-7)
Copyright (C) 2024 Free Software Foundation, Inc.
This is free software; see the source for copying conditions.  There is NO
warranty; not even for MERCHANTABILITY or FITNESS FOR A PARTICULAR PURPOSE.

configure:2530: $? = 0
configure:2519: g++ -std=gnu++11 -v >&5
Using built-in specs.
COLLECT_GCC=/opt/rh/gcc-toolset-14/root/usr/bin/g++
COLLECT_LTO_WRAPPER=/opt/rh/gcc-toolset-14/root/usr/libexec/gcc/aarch64-redhat-linux/14/lto-wrapper
Target: aarch64-redhat-linux
Configured with: ../configure --enable-bootstrap --enable-languages=c,c++,fortran,lto --prefix=/opt/rh/gcc-toolset-14/root/usr --mandir=/opt/rh/gcc-toolset-14/root/usr/share/man --infodir=/opt/rh/gcc-toolset-14/root/usr/share/info --with-bugurl=http://bugzilla.redhat.com/bugzilla --enable-shared --enable-threads=posix --enable-checking=release --enable-multilib --with-system-zlib --enable-__cxa_atexit --disable-libunwind-exceptions --enable-gnu-unique-object --enable-linker-build-id --with-gcc-major-version-only --enable-libstdcxx-backtrace --with-libstdcxx-zoneinfo=/usr/share/zoneinfo --with-linker-hash-style=gnu --enable-plugin --enable-initfini-array --with-isl=/builddir/build/BUILD/gcc-14.2.1-20250110/obj-aarch64-redhat-linux/isl-install --enable-gnu-indirect-function --build=aarch64-redhat-linux
Thread model: posix
Supported LTO compression algorithms: zlib zstd
gcc version 14.2.1 20250110 (Red Hat 14.2.1-7) (GCC) 
configure:2530: $? = 0
configure:2519: g++ -std=gnu++11 -V >&5
g++: error: unrecognized command-line option '-V'
g++: fatal error: no input files
compilation terminated.
configure:2530: $? = 1
configure:2519: g++ -std=gnu++11 -qversion >&5
g++: error: unrecognized command-line option '-qversion'; did you mean '--version'?
g++: fatal error: no input files
compilation terminated.
configure:2530: $? = 1
configure:2550: checking whether the C++ compiler works
configure:2572: g++ -std=gnu++11 -g -O2  -Wl,-rpath-link,/host/sage-manylinux_2_28_aarch64/lib -L/host/sage-manylinux_2_28_aarch64/lib -Wl,-rpath,/host/sage-manylinux_2_28_aarch64/lib -Wl,-rpath-link,/host/sage-manylinux_2_28_aarch64/lib -L/host/sage-manylinux_2_28_aarch64/lib -Wl,-rpath,/host/sage-manylinux_2_28_aarch64/lib  conftest.cpp  >&5
configure:2576: $? = 0
configure:2624: result: yes
configure:2627: checking for C++ compiler default output file name
configure:2629: result: a.out
configure:2635: checking for suffix of executables
configure:2642: g++ -std=gnu++11 -o conftest -g -O2  -Wl,-rpath-link,/host/sage-manylinux_2_28_aarch64/lib -L/host/sage-manylinux_2_28_aarch64/lib -Wl,-rpath,/host/sage-manylinux_2_28_aarch64/lib -Wl,-rpath-link,/host/sage-manylinux_2_28_aarch64/lib -L/host/sage-manylinux_2_28_aarch64/lib -Wl,-rpath,/host/sage-manylinux_2_28_aarch64/lib  conftest.cpp  >&5
configure:2646: $? = 0
configure:2668: result: 
configure:2690: checking whether we are cross compiling
configure:2698: g++ -std=gnu++11 -o conftest -g -O2  -Wl,-rpath-link,/host/sage-manylinux_2_28_aarch64/lib -L/host/sage-manylinux_2_28_aarch64/lib -Wl,-rpath,/host/sage-manylinux_2_28_aarch64/lib -Wl,-rpath-link,/host/sage-manylinux_2_28_aarch64/lib -L/host/sage-manylinux_2_28_aarch64/lib -Wl,-rpath,/host/sage-manylinux_2_28_aarch64/lib  conftest.cpp  >&5
configure:2702: $? = 0
configure:2709: ./conftest
configure:2713: $? = 0
configure:2728: result: no
configure:2733: checking for suffix of object files
configure:2755: g++ -std=gnu++11 -c -g -O2  conftest.cpp >&5
configure:2759: $? = 0
configure:2780: result: o
configure:2784: checking whether we are using the GNU C++ compiler
configure:2803: g++ -std=gnu++11 -c -g -O2  conftest.cpp >&5
configure:2803: $? = 0
configure:2812: result: yes
configure:2821: checking whether g++ -std=gnu++11 accepts -g
configure:2841: g++ -std=gnu++11 -c -g  conftest.cpp >&5
configure:2841: $? = 0
configure:2882: result: yes
configure:2916: checking for style of include used by make
configure:2944: result: GNU
configure:2970: checking dependency style of g++ -std=gnu++11
configure:3081: result: gcc3
configure:3243: checking that generated files are newer than configure
configure:3249: result: done
configure:3272: creating ./config.status

## ---------------------- ##
## Running config.status. ##
## ---------------------- ##

This file was extended by Simpcomp Bistellar config.status 1.0, which was
generated by GNU Autoconf 2.69.  Invocation command line was

  CONFIG_FILES    = 
  CONFIG_HEADERS  = 
  CONFIG_LINKS    = 
  CONFIG_COMMANDS = 
  $ ./config.status 

on e648d63e0f7d

config.status:774: creating Makefile
config.status:946: executing depfiles commands
configure:4397: WARNING: unrecognized options: --with-gaproot

## ---------------- ##
## Cache variables. ##
## ---------------- ##

ac_cv_cxx_compiler_gnu=yes
ac_cv_env_CCC_set=
ac_cv_env_CCC_value=
ac_cv_env_CPPFLAGS_set=
ac_cv_env_CPPFLAGS_value=
ac_cv_env_CXXFLAGS_set=set
ac_cv_env_CXXFLAGS_value='-g -O2'
ac_cv_env_CXX_set=set
ac_cv_env_CXX_value='g++ -std=gnu++11'
ac_cv_env_LDFLAGS_set=set
ac_cv_env_LDFLAGS_value='-Wl,-rpath-link,/host/sage-manylinux_2_28_aarch64/lib -L/host/sage-manylinux_2_28_aarch64/lib -Wl,-rpath,/host/sage-manylinux_2_28_aarch64/lib -Wl,-rpath-link,/host/sage-manylinux_2_28_aarch64/lib -L/host/sage-manylinux_2_28_aarch64/lib -Wl,-rpath,/host/sage-manylinux_2_28_aarch64/lib '
ac_cv_env_LIBS_set=
ac_cv_env_LIBS_value=
ac_cv_env_build_alias_set=
ac_cv_env_build_alias_value=
ac_cv_env_host_alias_set=
ac_cv_env_host_alias_value=
ac_cv_env_target_alias_set=
ac_cv_env_target_alias_value=
ac_cv_objext=o
ac_cv_path_install='/usr/bin/install -c'
ac_cv_path_mkdir=/usr/bin/mkdir
ac_cv_prog_AWK=gawk
ac_cv_prog_cxx_g=yes
ac_cv_prog_make_make_set=yes
am_cv_CXX_dependencies_compiler_type=gcc3
am_cv_make_support_nested_variables=yes

## ----------------- ##
## Output variables. ##
## ----------------- ##

ACLOCAL='${SHELL} /host/sage-manylinux_2_28_aarch64/var/tmp/sage/build/gap_packages-4.14.0.p0/src/pkg/simpcomp/missing aclocal-1.15'
AMDEPBACKSLASH='\'
AMDEP_FALSE='#'
AMDEP_TRUE=''
AMTAR='$${TAR-tar}'
AM_BACKSLASH='\'
AM_DEFAULT_V='$(AM_DEFAULT_VERBOSITY)'
AM_DEFAULT_VERBOSITY='1'
AM_V='$(V)'
AUTOCONF='${SHELL} /host/sage-manylinux_2_28_aarch64/var/tmp/sage/build/gap_packages-4.14.0.p0/src/pkg/simpcomp/missing autoconf'
AUTOHEADER='${SHELL} /host/sage-manylinux_2_28_aarch64/var/tmp/sage/build/gap_packages-4.14.0.p0/src/pkg/simpcomp/missing autoheader'
AUTOMAKE='${SHELL} /host/sage-manylinux_2_28_aarch64/var/tmp/sage/build/gap_packages-4.14.0.p0/src/pkg/simpcomp/missing automake-1.15'
AWK='gawk'
CPPFLAGS=''
CXX='g++ -std=gnu++11'
CXXDEPMODE='depmode=gcc3'
CXXFLAGS='-g -O2'
CYGPATH_W='echo'
DEFS='-DPACKAGE_NAME=\"Simpcomp\ Bistellar\" -DPACKAGE_TARNAME=\"simpcomp-bistellar\" -DPACKAGE_VERSION=\"1.0\" -DPACKAGE_STRING=\"Simpcomp\ Bistellar\ 1.0\" -DPACKAGE_BUGREPORT=\"\" -DPACKAGE_URL=\"\"'
DEPDIR='.deps'
ECHO_C=''
ECHO_N='-n'
ECHO_T=''
EXEEXT=''
INSTALL_DATA='${INSTALL} -m 644'
INSTALL_PROGRAM='${INSTALL}'
INSTALL_SCRIPT='${INSTALL}'
INSTALL_STRIP_PROGRAM='$(install_sh) -c -s'
LDFLAGS='-Wl,-rpath-link,/host/sage-manylinux_2_28_aarch64/lib -L/host/sage-manylinux_2_28_aarch64/lib -Wl,-rpath,/host/sage-manylinux_2_28_aarch64/lib -Wl,-rpath-link,/host/sage-manylinux_2_28_aarch64/lib -L/host/sage-manylinux_2_28_aarch64/lib -Wl,-rpath,/host/sage-manylinux_2_28_aarch64/lib '
LIBOBJS=''
LIBS=''
LTLIBOBJS=''
MAKEINFO='${SHELL} /host/sage-manylinux_2_28_aarch64/var/tmp/sage/build/gap_packages-4.14.0.p0/src/pkg/simpcomp/missing makeinfo'
MKDIR_P='/usr/bin/mkdir -p'
OBJEXT='o'
PACKAGE='simpcomp-bistellar'
PACKAGE_BUGREPORT=''
PACKAGE_NAME='Simpcomp Bistellar'
PACKAGE_STRING='Simpcomp Bistellar 1.0'
PACKAGE_TARNAME='simpcomp-bistellar'
PACKAGE_URL=''
PACKAGE_VERSION='1.0'
PATH_SEPARATOR=':'
SET_MAKE=''
SHELL='/bin/sh'
STRIP=''
VERSION='1.0'
ac_ct_CXX=''
am__EXEEXT_FALSE=''
am__EXEEXT_TRUE='#'
am__fastdepCXX_FALSE='#'
am__fastdepCXX_TRUE=''
am__include='include'
am__isrc=''
am__leading_dot='.'
am__nodep='_no'
am__quote=''
am__tar='$${TAR-tar} chof - "$$tardir"'
am__untar='$${TAR-tar} xf -'
bindir='${exec_prefix}/bin'
build_alias=''
datadir='${datarootdir}'
datarootdir='${prefix}/share'
docdir='${datarootdir}/doc/${PACKAGE_TARNAME}'
dvidir='${docdir}'
exec_prefix='${prefix}'
host_alias=''
htmldir='${docdir}'
includedir='${prefix}/include'
infodir='${datarootdir}/info'
install_sh='${SHELL} /host/sage-manylinux_2_28_aarch64/var/tmp/sage/build/gap_packages-4.14.0.p0/src/pkg/simpcomp/install-sh'
libdir='${exec_prefix}/lib'
libexecdir='${exec_prefix}/libexec'
localedir='${datarootdir}/locale'
localstatedir='${prefix}/var'
mandir='${datarootdir}/man'
mkdir_p='$(MKDIR_P)'
oldincludedir='/usr/include'
pdfdir='${docdir}'
prefix='/usr/local'
program_transform_name='s,x,x,'
psdir='${docdir}'
runstatedir='${localstatedir}/run'
sbindir='${exec_prefix}/sbin'
sharedstatedir='${prefix}/com'
sysconfdir='${prefix}/etc'
target_alias=''

## ----------- ##
## confdefs.h. ##
## ----------- ##

/* confdefs.h */
#define PACKAGE_NAME "Simpcomp Bistellar"
#define PACKAGE_TARNAME "simpcomp-bistellar"
#define PACKAGE_VERSION "1.0"
#define PACKAGE_STRING "Simpcomp Bistellar 1.0"
#define PACKAGE_BUGREPORT ""
#define PACKAGE_URL ""

configure: exit 0
