This file contains any messages produced by compilers while
running configure, to aid debugging if configure makes a mistake.

It was created by CddInterface configure package, which was
generated by GNU Autoconf 2.71.  Invocation command line was

  $ ./configure --with-gaproot=/host/sage-manylinux_2_28_aarch64/lib/gap/ --with-cddlib=/host/sage-manylinux_2_28_aarch64

## --------- ##
## Platform. ##
## --------- ##

hostname = e648d63e0f7d
uname -m = aarch64
uname -r = 6.11.0-1015-azure
uname -s = Linux
uname -v = #15~24.04.1-Ubuntu SMP Thu May  1 03:01:44 UTC 2025

/usr/bin/uname -p = aarch64
/bin/uname -X     = unknown

/bin/arch              = aarch64
/usr/bin/arch -k       = unknown
/usr/convex/getsysinfo = unknown
/usr/bin/hostinfo      = unknown
/bin/machine           = unknown
/usr/bin/oslevel       = unknown
/bin/universe          = unknown

PATH: /host/sage-manylinux_2_28_aarch64/libexec/ccache/
PATH: /project/build/bin/
PATH: /project/tools/
PATH: /host/sage-manylinux_2_28_aarch64/var/lib/sage/venv-python3.9/bin/
PATH: /host/sage-manylinux_2_28_aarch64/bin/
PATH: /host/sage-manylinux_2_28_aarch64/libexec/ccache/
PATH: /project/build/bin/
PATH: /project/tools/
PATH: /host/sage-manylinux_2_28_aarch64/bin/
PATH: /project/src/bin/
PATH: /host/sage-manylinux_2_28_aarch64/bin/
PATH: /project/build/bin/
PATH: /project/src/bin/
PATH: /host/sage-manylinux_2_28_aarch64/bin/
PATH: /project/prefix/bin/
PATH: /opt/python/cp39-cp39/bin/
PATH: /opt/rh/gcc-toolset-14/root/usr/bin/
PATH: /usr/local/sbin/
PATH: /usr/local/bin/
PATH: /usr/sbin/
PATH: /usr/bin/
PATH: /sbin/
PATH: /bin/


## ----------- ##
## Core tests. ##
## ----------- ##

configure:2301: checking for gcc
configure:2333: result: gcc
configure:2686: checking for C compiler version
configure:2695: gcc --version >&5
gcc (GCC) 14.2.1 20250110 (Red Hat 14.2.1-7)
Copyright (C) 2024 Free Software Foundation, Inc.
This is free software; see the source for copying conditions.  There is NO
warranty; not even for MERCHANTABILITY or FITNESS FOR A PARTICULAR PURPOSE.

configure:2706: $? = 0
configure:2695: gcc -v >&5
Using built-in specs.
COLLECT_GCC=/opt/rh/gcc-toolset-14/root/usr/bin/gcc
COLLECT_LTO_WRAPPER=/opt/rh/gcc-toolset-14/root/usr/libexec/gcc/aarch64-redhat-linux/14/lto-wrapper
Target: aarch64-redhat-linux
Configured with: ../configure --enable-bootstrap --enable-languages=c,c++,fortran,lto --prefix=/opt/rh/gcc-toolset-14/root/usr --mandir=/opt/rh/gcc-toolset-14/root/usr/share/man --infodir=/opt/rh/gcc-toolset-14/root/usr/share/info --with-bugurl=http://bugzilla.redhat.com/bugzilla --enable-shared --enable-threads=posix --enable-checking=release --enable-multilib --with-system-zlib --enable-__cxa_atexit --disable-libunwind-exceptions --enable-gnu-unique-object --enable-linker-build-id --with-gcc-major-version-only --enable-libstdcxx-backtrace --with-libstdcxx-zoneinfo=/usr/share/zoneinfo --with-linker-hash-style=gnu --enable-plugin --enable-initfini-array --with-isl=/builddir/build/BUILD/gcc-14.2.1-20250110/obj-aarch64-redhat-linux/isl-install --enable-gnu-indirect-function --build=aarch64-redhat-linux
Thread model: posix
Supported LTO compression algorithms: zlib zstd
gcc version 14.2.1 20250110 (Red Hat 14.2.1-7) (GCC) 
configure:2706: $? = 0
configure:2695: gcc -V >&5
gcc: error: unrecognized command-line option '-V'
gcc: fatal error: no input files
compilation terminated.
configure:2706: $? = 1
configure:2695: gcc -qversion >&5
gcc: error: unrecognized command-line option '-qversion'; did you mean '--version'?
gcc: fatal error: no input files
compilation terminated.
configure:2706: $? = 1
configure:2695: gcc -version >&5
gcc: error: unrecognized command-line option '-version'
gcc: fatal error: no input files
compilation terminated.
configure:2706: $? = 1
configure:2726: checking whether the C compiler works
configure:2748: gcc -g -O2 -std=gnu17 -Wno-implicit-function-declaration  -Wl,-rpath-link,/host/sage-manylinux_2_28_aarch64/lib -L/host/sage-manylinux_2_28_aarch64/lib -Wl,-rpath,/host/sage-manylinux_2_28_aarch64/lib -Wl,-rpath-link,/host/sage-manylinux_2_28_aarch64/lib -L/host/sage-manylinux_2_28_aarch64/lib -Wl,-rpath,/host/sage-manylinux_2_28_aarch64/lib  conftest.c  >&5
configure:2752: $? = 0
configure:2802: result: yes
configure:2805: checking for C compiler default output file name
configure:2807: result: a.out
configure:2813: checking for suffix of executables
configure:2820: gcc -o conftest -g -O2 -std=gnu17 -Wno-implicit-function-declaration  -Wl,-rpath-link,/host/sage-manylinux_2_28_aarch64/lib -L/host/sage-manylinux_2_28_aarch64/lib -Wl,-rpath,/host/sage-manylinux_2_28_aarch64/lib -Wl,-rpath-link,/host/sage-manylinux_2_28_aarch64/lib -L/host/sage-manylinux_2_28_aarch64/lib -Wl,-rpath,/host/sage-manylinux_2_28_aarch64/lib  conftest.c  >&5
configure:2824: $? = 0
configure:2847: result: 
configure:2869: checking whether we are cross compiling
configure:2877: gcc -o conftest -g -O2 -std=gnu17 -Wno-implicit-function-declaration  -Wl,-rpath-link,/host/sage-manylinux_2_28_aarch64/lib -L/host/sage-manylinux_2_28_aarch64/lib -Wl,-rpath,/host/sage-manylinux_2_28_aarch64/lib -Wl,-rpath-link,/host/sage-manylinux_2_28_aarch64/lib -L/host/sage-manylinux_2_28_aarch64/lib -Wl,-rpath,/host/sage-manylinux_2_28_aarch64/lib  conftest.c  >&5
configure:2881: $? = 0
configure:2888: ./conftest
configure:2892: $? = 0
configure:2907: result: no
configure:2912: checking for suffix of object files
configure:2935: gcc -c -g -O2 -std=gnu17 -Wno-implicit-function-declaration  conftest.c >&5
configure:2939: $? = 0
configure:2961: result: o
configure:2965: checking whether the compiler supports GNU C
configure:2985: gcc -c -g -O2 -std=gnu17 -Wno-implicit-function-declaration  conftest.c >&5
configure:2985: $? = 0
configure:2995: result: yes
configure:3006: checking whether gcc accepts -g
configure:3027: gcc -c -g  conftest.c >&5
configure:3027: $? = 0
configure:3071: result: yes
configure:3091: checking for gcc option to enable C11 features
configure:3106: gcc  -c -g -O2 -std=gnu17 -Wno-implicit-function-declaration  conftest.c >&5
configure:3106: $? = 0
configure:3124: result: none needed
configure:3257: checking for GAP root directory
configure:3274: result: /host/sage-manylinux_2_28_aarch64/lib/gap
configure:3298: checking for GAP architecture
configure:3305: result: aarch64-unknown-linux-gnu-default64-kv9
configure:3418: checking for stdio.h
configure:3418: gcc -c -g -O2 -std=gnu17 -Wno-implicit-function-declaration  -I/host/sage-manylinux_2_28_aarch64/include/cdd -I/host/sage-manylinux_2_28_aarch64/include/cddlib -I/host/sage-manylinux_2_28_aarch64/include conftest.c >&5
configure:3418: $? = 0
configure:3418: result: yes
configure:3418: checking for stdlib.h
configure:3418: gcc -c -g -O2 -std=gnu17 -Wno-implicit-function-declaration  -I/host/sage-manylinux_2_28_aarch64/include/cdd -I/host/sage-manylinux_2_28_aarch64/include/cddlib -I/host/sage-manylinux_2_28_aarch64/include conftest.c >&5
configure:3418: $? = 0
configure:3418: result: yes
configure:3418: checking for string.h
configure:3418: gcc -c -g -O2 -std=gnu17 -Wno-implicit-function-declaration  -I/host/sage-manylinux_2_28_aarch64/include/cdd -I/host/sage-manylinux_2_28_aarch64/include/cddlib -I/host/sage-manylinux_2_28_aarch64/include conftest.c >&5
configure:3418: $? = 0
configure:3418: result: yes
configure:3418: checking for inttypes.h
configure:3418: gcc -c -g -O2 -std=gnu17 -Wno-implicit-function-declaration  -I/host/sage-manylinux_2_28_aarch64/include/cdd -I/host/sage-manylinux_2_28_aarch64/include/cddlib -I/host/sage-manylinux_2_28_aarch64/include conftest.c >&5
configure:3418: $? = 0
configure:3418: result: yes
configure:3418: checking for stdint.h
configure:3418: gcc -c -g -O2 -std=gnu17 -Wno-implicit-function-declaration  -I/host/sage-manylinux_2_28_aarch64/include/cdd -I/host/sage-manylinux_2_28_aarch64/include/cddlib -I/host/sage-manylinux_2_28_aarch64/include conftest.c >&5
configure:3418: $? = 0
configure:3418: result: yes
configure:3418: checking for strings.h
configure:3418: gcc -c -g -O2 -std=gnu17 -Wno-implicit-function-declaration  -I/host/sage-manylinux_2_28_aarch64/include/cdd -I/host/sage-manylinux_2_28_aarch64/include/cddlib -I/host/sage-manylinux_2_28_aarch64/include conftest.c >&5
configure:3418: $? = 0
configure:3418: result: yes
configure:3418: checking for sys/stat.h
configure:3418: gcc -c -g -O2 -std=gnu17 -Wno-implicit-function-declaration  -I/host/sage-manylinux_2_28_aarch64/include/cdd -I/host/sage-manylinux_2_28_aarch64/include/cddlib -I/host/sage-manylinux_2_28_aarch64/include conftest.c >&5
configure:3418: $? = 0
configure:3418: result: yes
configure:3418: checking for sys/types.h
configure:3418: gcc -c -g -O2 -std=gnu17 -Wno-implicit-function-declaration  -I/host/sage-manylinux_2_28_aarch64/include/cdd -I/host/sage-manylinux_2_28_aarch64/include/cddlib -I/host/sage-manylinux_2_28_aarch64/include conftest.c >&5
configure:3418: $? = 0
configure:3418: result: yes
configure:3418: checking for unistd.h
configure:3418: gcc -c -g -O2 -std=gnu17 -Wno-implicit-function-declaration  -I/host/sage-manylinux_2_28_aarch64/include/cdd -I/host/sage-manylinux_2_28_aarch64/include/cddlib -I/host/sage-manylinux_2_28_aarch64/include conftest.c >&5
configure:3418: $? = 0
configure:3418: result: yes
configure:3443: checking for cddlib/setoper.h
configure:3443: gcc -c -g -O2 -std=gnu17 -Wno-implicit-function-declaration  -I/host/sage-manylinux_2_28_aarch64/include/cdd -I/host/sage-manylinux_2_28_aarch64/include/cddlib -I/host/sage-manylinux_2_28_aarch64/include conftest.c >&5
configure:3443: $? = 0
configure:3443: result: yes
configure:3463: checking for dd_SetLinearity in -lcddgmp
configure:3486: gcc -o conftest -g -O2 -std=gnu17 -Wno-implicit-function-declaration  -I/host/sage-manylinux_2_28_aarch64/include/cdd -I/host/sage-manylinux_2_28_aarch64/include/cddlib -I/host/sage-manylinux_2_28_aarch64/include -Wl,-rpath-link,/host/sage-manylinux_2_28_aarch64/lib -L/host/sage-manylinux_2_28_aarch64/lib -Wl,-rpath,/host/sage-manylinux_2_28_aarch64/lib -Wl,-rpath-link,/host/sage-manylinux_2_28_aarch64/lib -L/host/sage-manylinux_2_28_aarch64/lib -Wl,-rpath,/host/sage-manylinux_2_28_aarch64/lib  -L/host/sage-manylinux_2_28_aarch64/lib -lcddgmp -lgmp conftest.c -lcddgmp   >&5
configure:3486: $? = 0
configure:3496: result: yes
configure:3626: creating ./config.status

## ---------------------- ##
## Running config.status. ##
## ---------------------- ##

This file was extended by CddInterface config.status package, which was
generated by GNU Autoconf 2.71.  Invocation command line was

  CONFIG_FILES    = 
  CONFIG_HEADERS  = 
  CONFIG_LINKS    = 
  CONFIG_COMMANDS = 
  $ ./config.status 

on e648d63e0f7d

config.status:799: creating Makefile
config.status:799: creating src/config.h

## ---------------- ##
## Cache variables. ##
## ---------------- ##

ac_cv_c_compiler_gnu=yes
ac_cv_env_CC_set=set
ac_cv_env_CC_value=gcc
ac_cv_env_CFLAGS_set=set
ac_cv_env_CFLAGS_value='-g -O2 -std=gnu17 -Wno-implicit-function-declaration'
ac_cv_env_CPPFLAGS_set=
ac_cv_env_CPPFLAGS_value=
ac_cv_env_LDFLAGS_set=set
ac_cv_env_LDFLAGS_value='-Wl,-rpath-link,/host/sage-manylinux_2_28_aarch64/lib -L/host/sage-manylinux_2_28_aarch64/lib -Wl,-rpath,/host/sage-manylinux_2_28_aarch64/lib -Wl,-rpath-link,/host/sage-manylinux_2_28_aarch64/lib -L/host/sage-manylinux_2_28_aarch64/lib -Wl,-rpath,/host/sage-manylinux_2_28_aarch64/lib '
ac_cv_env_LIBS_set=
ac_cv_env_LIBS_value=
ac_cv_env_build_alias_set=
ac_cv_env_build_alias_value=
ac_cv_env_host_alias_set=
ac_cv_env_host_alias_value=
ac_cv_env_target_alias_set=
ac_cv_env_target_alias_value=
ac_cv_header_cddlib_setoper_h=yes
ac_cv_header_inttypes_h=yes
ac_cv_header_stdint_h=yes
ac_cv_header_stdio_h=yes
ac_cv_header_stdlib_h=yes
ac_cv_header_string_h=yes
ac_cv_header_strings_h=yes
ac_cv_header_sys_stat_h=yes
ac_cv_header_sys_types_h=yes
ac_cv_header_unistd_h=yes
ac_cv_lib_cddgmp_dd_SetLinearity=yes
ac_cv_objext=o
ac_cv_prog_ac_ct_CC=gcc
ac_cv_prog_cc_c11=
ac_cv_prog_cc_g=yes
ac_cv_prog_cc_stdc=

## ----------------- ##
## Output variables. ##
## ----------------- ##

CC='gcc'
CDD_CPPFLAGS='-I/host/sage-manylinux_2_28_aarch64/include/cdd -I/host/sage-manylinux_2_28_aarch64/include/cddlib -I/host/sage-manylinux_2_28_aarch64/include'
CDD_LDFLAGS='-L/host/sage-manylinux_2_28_aarch64/lib -lcddgmp -lgmp'
CFLAGS='-g -O2 -std=gnu17 -Wno-implicit-function-declaration'
CPPFLAGS=''
DEFS='-DHAVE_CONFIG_H'
ECHO_C=''
ECHO_N='-n'
ECHO_T=''
EXEEXT=''
GAPARCH='aarch64-unknown-linux-gnu-default64-kv9'
GAPROOT='/host/sage-manylinux_2_28_aarch64/lib/gap'
GAP_CFLAGS=' -pthread -g -O2'
GAP_CPPFLAGS='-I/host/sage-manylinux_2_28_aarch64/include/gap -I/host/sage-manylinux_2_28_aarch64/include -DUSE_GASMAN=1 -I/src'
GAP_LDFLAGS=''
GAP_LIBS=''
LDFLAGS='-Wl,-rpath-link,/host/sage-manylinux_2_28_aarch64/lib -L/host/sage-manylinux_2_28_aarch64/lib -Wl,-rpath,/host/sage-manylinux_2_28_aarch64/lib -Wl,-rpath-link,/host/sage-manylinux_2_28_aarch64/lib -L/host/sage-manylinux_2_28_aarch64/lib -Wl,-rpath,/host/sage-manylinux_2_28_aarch64/lib '
LIBOBJS=''
LIBS='-lcddgmp '
LTLIBOBJS=''
OBJEXT='o'
PACKAGE_BUGREPORT=''
PACKAGE_NAME='CddInterface'
PACKAGE_STRING='CddInterface package'
PACKAGE_TARNAME='cddinterface'
PACKAGE_URL=''
PACKAGE_VERSION='package'
PATH_SEPARATOR=':'
SHELL='/bin/sh'
ac_ct_CC='gcc'
bindir='${exec_prefix}/bin'
build_alias=''
datadir='${datarootdir}'
datarootdir='${prefix}/share'
docdir='${datarootdir}/doc/${PACKAGE_TARNAME}'
dvidir='${docdir}'
exec_prefix='${prefix}'
host_alias=''
htmldir='${docdir}'
includedir='${prefix}/include'
infodir='${datarootdir}/info'
libdir='${exec_prefix}/lib'
libexecdir='${exec_prefix}/libexec'
localedir='${datarootdir}/locale'
localstatedir='${prefix}/var'
mandir='${datarootdir}/man'
oldincludedir='/usr/include'
pdfdir='${docdir}'
prefix='/usr/local'
program_transform_name='s,x,x,'
psdir='${docdir}'
runstatedir='${localstatedir}/run'
sbindir='${exec_prefix}/sbin'
sharedstatedir='${prefix}/com'
sysconfdir='${prefix}/etc'
target_alias=''

## ----------- ##
## confdefs.h. ##
## ----------- ##

/* confdefs.h */
#define PACKAGE_NAME "CddInterface"
#define PACKAGE_TARNAME "cddinterface"
#define PACKAGE_VERSION "package"
#define PACKAGE_STRING "CddInterface package"
#define PACKAGE_BUGREPORT ""
#define PACKAGE_URL ""
#define HAVE_STDIO_H 1
#define HAVE_STDLIB_H 1
#define HAVE_STRING_H 1
#define HAVE_INTTYPES_H 1
#define HAVE_STDINT_H 1
#define HAVE_STRINGS_H 1
#define HAVE_SYS_STAT_H 1
#define HAVE_SYS_TYPES_H 1
#define HAVE_UNISTD_H 1
#define STDC_HEADERS 1
#define HAVE_CDDLIB_SETOPER_H 1
#define HAVE_LIBCDDGMP 1

configure: exit 0
