This file contains any messages produced by compilers while
running configure, to aid debugging if configure makes a mistake.

It was created by io configure package, which was
generated by GNU Autoconf 2.72.  Invocation command line was

  $ ./configure --with-gaproot=/host/sage-manylinux_2_28_aarch64/lib/gap/

## --------- ##
## Platform. ##
## --------- ##

hostname = e648d63e0f7d
uname -m = aarch64
uname -r = 6.11.0-1015-azure
uname -s = Linux
uname -v = #15~24.04.1-Ubuntu SMP Thu May  1 03:01:44 UTC 2025

/usr/bin/uname -p = aarch64
/bin/uname -X     = unknown

/bin/arch              = aarch64
/usr/bin/arch -k       = unknown
/usr/convex/getsysinfo = unknown
/usr/bin/hostinfo      = unknown
/bin/machine           = unknown
/usr/bin/oslevel       = unknown
/bin/universe          = unknown

PATH: /host/sage-manylinux_2_28_aarch64/libexec/ccache/
PATH: /project/build/bin/
PATH: /project/tools/
PATH: /host/sage-manylinux_2_28_aarch64/var/lib/sage/venv-python3.9/bin/
PATH: /host/sage-manylinux_2_28_aarch64/bin/
PATH: /host/sage-manylinux_2_28_aarch64/libexec/ccache/
PATH: /project/build/bin/
PATH: /project/tools/
PATH: /host/sage-manylinux_2_28_aarch64/bin/
PATH: /project/src/bin/
PATH: /host/sage-manylinux_2_28_aarch64/bin/
PATH: /project/build/bin/
PATH: /project/src/bin/
PATH: /host/sage-manylinux_2_28_aarch64/bin/
PATH: /project/prefix/bin/
PATH: /opt/python/cp39-cp39/bin/
PATH: /opt/rh/gcc-toolset-14/root/usr/bin/
PATH: /usr/local/sbin/
PATH: /usr/local/bin/
PATH: /usr/sbin/
PATH: /usr/bin/
PATH: /sbin/
PATH: /bin/


## ----------- ##
## Core tests. ##
## ----------- ##

configure:2549: checking for gcc
configure:2582: result: gcc
configure:2941: checking for C compiler version
configure:2950: gcc --version >&5
gcc (GCC) 14.2.1 20250110 (Red Hat 14.2.1-7)
Copyright (C) 2024 Free Software Foundation, Inc.
This is free software; see the source for copying conditions.  There is NO
warranty; not even for MERCHANTABILITY or FITNESS FOR A PARTICULAR PURPOSE.

configure:2961: $? = 0
configure:2950: gcc -v >&5
Using built-in specs.
COLLECT_GCC=/opt/rh/gcc-toolset-14/root/usr/bin/gcc
COLLECT_LTO_WRAPPER=/opt/rh/gcc-toolset-14/root/usr/libexec/gcc/aarch64-redhat-linux/14/lto-wrapper
Target: aarch64-redhat-linux
Configured with: ../configure --enable-bootstrap --enable-languages=c,c++,fortran,lto --prefix=/opt/rh/gcc-toolset-14/root/usr --mandir=/opt/rh/gcc-toolset-14/root/usr/share/man --infodir=/opt/rh/gcc-toolset-14/root/usr/share/info --with-bugurl=http://bugzilla.redhat.com/bugzilla --enable-shared --enable-threads=posix --enable-checking=release --enable-multilib --with-system-zlib --enable-__cxa_atexit --disable-libunwind-exceptions --enable-gnu-unique-object --enable-linker-build-id --with-gcc-major-version-only --enable-libstdcxx-backtrace --with-libstdcxx-zoneinfo=/usr/share/zoneinfo --with-linker-hash-style=gnu --enable-plugin --enable-initfini-array --with-isl=/builddir/build/BUILD/gcc-14.2.1-20250110/obj-aarch64-redhat-linux/isl-install --enable-gnu-indirect-function --build=aarch64-redhat-linux
Thread model: posix
Supported LTO compression algorithms: zlib zstd
gcc version 14.2.1 20250110 (Red Hat 14.2.1-7) (GCC) 
configure:2961: $? = 0
configure:2950: gcc -V >&5
gcc: error: unrecognized command-line option '-V'
gcc: fatal error: no input files
compilation terminated.
configure:2961: $? = 1
configure:2950: gcc -qversion >&5
gcc: error: unrecognized command-line option '-qversion'; did you mean '--version'?
gcc: fatal error: no input files
compilation terminated.
configure:2961: $? = 1
configure:2950: gcc -version >&5
gcc: error: unrecognized command-line option '-version'
gcc: fatal error: no input files
compilation terminated.
configure:2961: $? = 1
configure:2981: checking whether the C compiler works
configure:3003: gcc -g -O2 -std=gnu17 -Wno-implicit-function-declaration  -Wl,-rpath-link,/host/sage-manylinux_2_28_aarch64/lib -L/host/sage-manylinux_2_28_aarch64/lib -Wl,-rpath,/host/sage-manylinux_2_28_aarch64/lib -Wl,-rpath-link,/host/sage-manylinux_2_28_aarch64/lib -L/host/sage-manylinux_2_28_aarch64/lib -Wl,-rpath,/host/sage-manylinux_2_28_aarch64/lib  conftest.c  >&5
configure:3007: $? = 0
configure:3058: result: yes
configure:3062: checking for C compiler default output file name
configure:3064: result: a.out
configure:3070: checking for suffix of executables
configure:3077: gcc -o conftest -g -O2 -std=gnu17 -Wno-implicit-function-declaration  -Wl,-rpath-link,/host/sage-manylinux_2_28_aarch64/lib -L/host/sage-manylinux_2_28_aarch64/lib -Wl,-rpath,/host/sage-manylinux_2_28_aarch64/lib -Wl,-rpath-link,/host/sage-manylinux_2_28_aarch64/lib -L/host/sage-manylinux_2_28_aarch64/lib -Wl,-rpath,/host/sage-manylinux_2_28_aarch64/lib  conftest.c  >&5
configure:3081: $? = 0
configure:3105: result: 
configure:3129: checking whether we are cross compiling
configure:3137: gcc -o conftest -g -O2 -std=gnu17 -Wno-implicit-function-declaration  -Wl,-rpath-link,/host/sage-manylinux_2_28_aarch64/lib -L/host/sage-manylinux_2_28_aarch64/lib -Wl,-rpath,/host/sage-manylinux_2_28_aarch64/lib -Wl,-rpath-link,/host/sage-manylinux_2_28_aarch64/lib -L/host/sage-manylinux_2_28_aarch64/lib -Wl,-rpath,/host/sage-manylinux_2_28_aarch64/lib  conftest.c  >&5
configure:3141: $? = 0
configure:3148: ./conftest
configure:3152: $? = 0
configure:3167: result: no
configure:3173: checking for suffix of object files
configure:3196: gcc -c -g -O2 -std=gnu17 -Wno-implicit-function-declaration  conftest.c >&5
configure:3200: $? = 0
configure:3224: result: o
configure:3228: checking whether the compiler supports GNU C
configure:3248: gcc -c -g -O2 -std=gnu17 -Wno-implicit-function-declaration  conftest.c >&5
configure:3248: $? = 0
configure:3260: result: yes
configure:3271: checking whether gcc accepts -g
configure:3292: gcc -c -g  conftest.c >&5
configure:3292: $? = 0
configure:3339: result: yes
configure:3359: checking for gcc option to enable C11 features
configure:3374: gcc  -c -g -O2 -std=gnu17 -Wno-implicit-function-declaration  conftest.c >&5
configure:3374: $? = 0
configure:3393: result: none needed
configure:3528: checking for GAP root directory
configure:3545: result: /host/sage-manylinux_2_28_aarch64/lib/gap
configure:3569: checking for GAP architecture
configure:3576: result: aarch64-unknown-linux-gnu-default64-kv9
configure:3629: checking for stdio.h
configure:3629: gcc -c -g -O2 -std=gnu17 -Wno-implicit-function-declaration  conftest.c >&5
configure:3629: $? = 0
configure:3629: result: yes
configure:3629: checking for stdlib.h
configure:3629: gcc -c -g -O2 -std=gnu17 -Wno-implicit-function-declaration  conftest.c >&5
configure:3629: $? = 0
configure:3629: result: yes
configure:3629: checking for string.h
configure:3629: gcc -c -g -O2 -std=gnu17 -Wno-implicit-function-declaration  conftest.c >&5
configure:3629: $? = 0
configure:3629: result: yes
configure:3629: checking for inttypes.h
configure:3629: gcc -c -g -O2 -std=gnu17 -Wno-implicit-function-declaration  conftest.c >&5
configure:3629: $? = 0
configure:3629: result: yes
configure:3629: checking for stdint.h
configure:3629: gcc -c -g -O2 -std=gnu17 -Wno-implicit-function-declaration  conftest.c >&5
configure:3629: $? = 0
configure:3629: result: yes
configure:3629: checking for strings.h
configure:3629: gcc -c -g -O2 -std=gnu17 -Wno-implicit-function-declaration  conftest.c >&5
configure:3629: $? = 0
configure:3629: result: yes
configure:3629: checking for sys/stat.h
configure:3629: gcc -c -g -O2 -std=gnu17 -Wno-implicit-function-declaration  conftest.c >&5
configure:3629: $? = 0
configure:3629: result: yes
configure:3629: checking for sys/types.h
configure:3629: gcc -c -g -O2 -std=gnu17 -Wno-implicit-function-declaration  conftest.c >&5
configure:3629: $? = 0
configure:3629: result: yes
configure:3629: checking for unistd.h
configure:3629: gcc -c -g -O2 -std=gnu17 -Wno-implicit-function-declaration  conftest.c >&5
configure:3629: $? = 0
configure:3629: result: yes
configure:3629: checking for dirent.h
configure:3629: gcc -c -g -O2 -std=gnu17 -Wno-implicit-function-declaration  conftest.c >&5
configure:3629: $? = 0
configure:3629: result: yes
configure:3629: checking for fcntl.h
configure:3629: gcc -c -g -O2 -std=gnu17 -Wno-implicit-function-declaration  conftest.c >&5
configure:3629: $? = 0
configure:3629: result: yes
configure:3629: checking for netdb.h
configure:3629: gcc -c -g -O2 -std=gnu17 -Wno-implicit-function-declaration  conftest.c >&5
configure:3629: $? = 0
configure:3629: result: yes
configure:3629: checking for netinet/in.h
configure:3629: gcc -c -g -O2 -std=gnu17 -Wno-implicit-function-declaration  conftest.c >&5
configure:3629: $? = 0
configure:3629: result: yes
configure:3629: checking for netinet/tcp.h
configure:3629: gcc -c -g -O2 -std=gnu17 -Wno-implicit-function-declaration  conftest.c >&5
configure:3629: $? = 0
configure:3629: result: yes
configure:3629: checking for signal.h
configure:3629: gcc -c -g -O2 -std=gnu17 -Wno-implicit-function-declaration  conftest.c >&5
configure:3629: $? = 0
configure:3629: result: yes
configure:3629: checking for sys/param.h
configure:3629: gcc -c -g -O2 -std=gnu17 -Wno-implicit-function-declaration  conftest.c >&5
configure:3629: $? = 0
configure:3629: result: yes
configure:3629: checking for sys/socket.h
configure:3629: gcc -c -g -O2 -std=gnu17 -Wno-implicit-function-declaration  conftest.c >&5
configure:3629: $? = 0
configure:3629: result: yes
configure:3629: checking for sys/time.h
configure:3629: gcc -c -g -O2 -std=gnu17 -Wno-implicit-function-declaration  conftest.c >&5
configure:3629: $? = 0
configure:3629: result: yes
configure:3629: checking for sys/wait.h
configure:3629: gcc -c -g -O2 -std=gnu17 -Wno-implicit-function-declaration  conftest.c >&5
configure:3629: $? = 0
configure:3629: result: yes
configure:3629: checking for time.h
configure:3629: gcc -c -g -O2 -std=gnu17 -Wno-implicit-function-declaration  conftest.c >&5
configure:3629: $? = 0
configure:3629: result: yes
configure:3629: checking for vfork.h
configure:3629: gcc -c -g -O2 -std=gnu17 -Wno-implicit-function-declaration  conftest.c >&5
conftest.c:57:10: fatal error: vfork.h: No such file or directory
   57 | #include <vfork.h>
      |          ^~~~~~~~~
compilation terminated.
configure:3629: $? = 1
configure: failed program was:
| /* confdefs.h */
| #define PACKAGE_NAME "io"
| #define PACKAGE_TARNAME "io"
| #define PACKAGE_VERSION "package"
| #define PACKAGE_STRING "io package"
| #define PACKAGE_BUGREPORT "https://github.com/gap-packages/io/issues"
| #define PACKAGE_URL "https://gap-packages.github.io/io/"
| #define HAVE_STDIO_H 1
| #define HAVE_STDLIB_H 1
| #define HAVE_STRING_H 1
| #define HAVE_INTTYPES_H 1
| #define HAVE_STDINT_H 1
| #define HAVE_STRINGS_H 1
| #define HAVE_SYS_STAT_H 1
| #define HAVE_SYS_TYPES_H 1
| #define HAVE_UNISTD_H 1
| #define HAVE_DIRENT_H 1
| #define HAVE_FCNTL_H 1
| #define HAVE_NETDB_H 1
| #define HAVE_NETINET_IN_H 1
| #define HAVE_NETINET_TCP_H 1
| #define HAVE_SIGNAL_H 1
| #define HAVE_SYS_PARAM_H 1
| #define HAVE_SYS_SOCKET_H 1
| #define HAVE_SYS_TIME_H 1
| #define HAVE_SYS_WAIT_H 1
| #define HAVE_TIME_H 1
| /* end confdefs.h.  */
| #include <stddef.h>
| #ifdef HAVE_STDIO_H
| # include <stdio.h>
| #endif
| #ifdef HAVE_STDLIB_H
| # include <stdlib.h>
| #endif
| #ifdef HAVE_STRING_H
| # include <string.h>
| #endif
| #ifdef HAVE_INTTYPES_H
| # include <inttypes.h>
| #endif
| #ifdef HAVE_STDINT_H
| # include <stdint.h>
| #endif
| #ifdef HAVE_STRINGS_H
| # include <strings.h>
| #endif
| #ifdef HAVE_SYS_TYPES_H
| # include <sys/types.h>
| #endif
| #ifdef HAVE_SYS_STAT_H
| # include <sys/stat.h>
| #endif
| #ifdef HAVE_UNISTD_H
| # include <unistd.h>
| #endif
| #include <vfork.h>
configure:3629: result: no
configure:3669: checking for pid_t
configure:3669: gcc -c -g -O2 -std=gnu17 -Wno-implicit-function-declaration  conftest.c >&5
configure:3669: $? = 0
configure:3669: gcc -c -g -O2 -std=gnu17 -Wno-implicit-function-declaration  conftest.c >&5
conftest.c: In function 'main':
conftest.c:62:20: error: expected expression before ')' token
   62 | if (sizeof ((pid_t)))
      |                    ^
configure:3669: $? = 1
configure: failed program was:
| /* confdefs.h */
| #define PACKAGE_NAME "io"
| #define PACKAGE_TARNAME "io"
| #define PACKAGE_VERSION "package"
| #define PACKAGE_STRING "io package"
| #define PACKAGE_BUGREPORT "https://github.com/gap-packages/io/issues"
| #define PACKAGE_URL "https://gap-packages.github.io/io/"
| #define HAVE_STDIO_H 1
| #define HAVE_STDLIB_H 1
| #define HAVE_STRING_H 1
| #define HAVE_INTTYPES_H 1
| #define HAVE_STDINT_H 1
| #define HAVE_STRINGS_H 1
| #define HAVE_SYS_STAT_H 1
| #define HAVE_SYS_TYPES_H 1
| #define HAVE_UNISTD_H 1
| #define HAVE_DIRENT_H 1
| #define HAVE_FCNTL_H 1
| #define HAVE_NETDB_H 1
| #define HAVE_NETINET_IN_H 1
| #define HAVE_NETINET_TCP_H 1
| #define HAVE_SIGNAL_H 1
| #define HAVE_SYS_PARAM_H 1
| #define HAVE_SYS_SOCKET_H 1
| #define HAVE_SYS_TIME_H 1
| #define HAVE_SYS_WAIT_H 1
| #define HAVE_TIME_H 1
| #define STDC_HEADERS 1
| /* end confdefs.h.  */
| #include <stddef.h>
| #ifdef HAVE_STDIO_H
| # include <stdio.h>
| #endif
| #ifdef HAVE_STDLIB_H
| # include <stdlib.h>
| #endif
| #ifdef HAVE_STRING_H
| # include <string.h>
| #endif
| #ifdef HAVE_INTTYPES_H
| # include <inttypes.h>
| #endif
| #ifdef HAVE_STDINT_H
| # include <stdint.h>
| #endif
| #ifdef HAVE_STRINGS_H
| # include <strings.h>
| #endif
| #ifdef HAVE_SYS_TYPES_H
| # include <sys/types.h>
| #endif
| #ifdef HAVE_SYS_STAT_H
| # include <sys/stat.h>
| #endif
| #ifdef HAVE_UNISTD_H
| # include <unistd.h>
| #endif
| 
| int
| main (void)
| {
| if (sizeof ((pid_t)))
| 	    return 0;
|   ;
|   return 0;
| }
configure:3669: result: yes
configure:3712: checking for fork
configure:3712: gcc -o conftest -g -O2 -std=gnu17 -Wno-implicit-function-declaration  -Wl,-rpath-link,/host/sage-manylinux_2_28_aarch64/lib -L/host/sage-manylinux_2_28_aarch64/lib -Wl,-rpath,/host/sage-manylinux_2_28_aarch64/lib -Wl,-rpath-link,/host/sage-manylinux_2_28_aarch64/lib -L/host/sage-manylinux_2_28_aarch64/lib -Wl,-rpath,/host/sage-manylinux_2_28_aarch64/lib  conftest.c  >&5
conftest.c:46:6: warning: conflicting types for built-in function 'fork'; expected 'int(void)' [-Wbuiltin-declaration-mismatch]
   46 | char fork (void);
      |      ^~~~
configure:3712: $? = 0
configure:3712: result: yes
configure:3712: checking for vfork
configure:3712: gcc -o conftest -g -O2 -std=gnu17 -Wno-implicit-function-declaration  -Wl,-rpath-link,/host/sage-manylinux_2_28_aarch64/lib -L/host/sage-manylinux_2_28_aarch64/lib -Wl,-rpath,/host/sage-manylinux_2_28_aarch64/lib -Wl,-rpath-link,/host/sage-manylinux_2_28_aarch64/lib -L/host/sage-manylinux_2_28_aarch64/lib -Wl,-rpath,/host/sage-manylinux_2_28_aarch64/lib  conftest.c  >&5
configure:3712: $? = 0
configure:3712: result: yes
configure:3712: checking for accept
configure:3712: gcc -o conftest -g -O2 -std=gnu17 -Wno-implicit-function-declaration  -Wl,-rpath-link,/host/sage-manylinux_2_28_aarch64/lib -L/host/sage-manylinux_2_28_aarch64/lib -Wl,-rpath,/host/sage-manylinux_2_28_aarch64/lib -Wl,-rpath-link,/host/sage-manylinux_2_28_aarch64/lib -L/host/sage-manylinux_2_28_aarch64/lib -Wl,-rpath,/host/sage-manylinux_2_28_aarch64/lib  conftest.c  >&5
configure:3712: $? = 0
configure:3712: result: yes
configure:3712: checking for bind
configure:3712: gcc -o conftest -g -O2 -std=gnu17 -Wno-implicit-function-declaration  -Wl,-rpath-link,/host/sage-manylinux_2_28_aarch64/lib -L/host/sage-manylinux_2_28_aarch64/lib -Wl,-rpath,/host/sage-manylinux_2_28_aarch64/lib -Wl,-rpath-link,/host/sage-manylinux_2_28_aarch64/lib -L/host/sage-manylinux_2_28_aarch64/lib -Wl,-rpath,/host/sage-manylinux_2_28_aarch64/lib  conftest.c  >&5
configure:3712: $? = 0
configure:3712: result: yes
configure:3712: checking for chmod
configure:3712: gcc -o conftest -g -O2 -std=gnu17 -Wno-implicit-function-declaration  -Wl,-rpath-link,/host/sage-manylinux_2_28_aarch64/lib -L/host/sage-manylinux_2_28_aarch64/lib -Wl,-rpath,/host/sage-manylinux_2_28_aarch64/lib -Wl,-rpath-link,/host/sage-manylinux_2_28_aarch64/lib -L/host/sage-manylinux_2_28_aarch64/lib -Wl,-rpath,/host/sage-manylinux_2_28_aarch64/lib  conftest.c  >&5
configure:3712: $? = 0
configure:3712: result: yes
configure:3712: checking for chown
configure:3712: gcc -o conftest -g -O2 -std=gnu17 -Wno-implicit-function-declaration  -Wl,-rpath-link,/host/sage-manylinux_2_28_aarch64/lib -L/host/sage-manylinux_2_28_aarch64/lib -Wl,-rpath,/host/sage-manylinux_2_28_aarch64/lib -Wl,-rpath-link,/host/sage-manylinux_2_28_aarch64/lib -L/host/sage-manylinux_2_28_aarch64/lib -Wl,-rpath,/host/sage-manylinux_2_28_aarch64/lib  conftest.c  >&5
configure:3712: $? = 0
configure:3712: result: yes
configure:3712: checking for closedir
configure:3712: gcc -o conftest -g -O2 -std=gnu17 -Wno-implicit-function-declaration  -Wl,-rpath-link,/host/sage-manylinux_2_28_aarch64/lib -L/host/sage-manylinux_2_28_aarch64/lib -Wl,-rpath,/host/sage-manylinux_2_28_aarch64/lib -Wl,-rpath-link,/host/sage-manylinux_2_28_aarch64/lib -L/host/sage-manylinux_2_28_aarch64/lib -Wl,-rpath,/host/sage-manylinux_2_28_aarch64/lib  conftest.c  >&5
configure:3712: $? = 0
configure:3712: result: yes
configure:3712: checking for connect
configure:3712: gcc -o conftest -g -O2 -std=gnu17 -Wno-implicit-function-declaration  -Wl,-rpath-link,/host/sage-manylinux_2_28_aarch64/lib -L/host/sage-manylinux_2_28_aarch64/lib -Wl,-rpath,/host/sage-manylinux_2_28_aarch64/lib -Wl,-rpath-link,/host/sage-manylinux_2_28_aarch64/lib -L/host/sage-manylinux_2_28_aarch64/lib -Wl,-rpath,/host/sage-manylinux_2_28_aarch64/lib  conftest.c  >&5
configure:3712: $? = 0
configure:3712: result: yes
configure:3712: checking for dup
configure:3712: gcc -o conftest -g -O2 -std=gnu17 -Wno-implicit-function-declaration  -Wl,-rpath-link,/host/sage-manylinux_2_28_aarch64/lib -L/host/sage-manylinux_2_28_aarch64/lib -Wl,-rpath,/host/sage-manylinux_2_28_aarch64/lib -Wl,-rpath-link,/host/sage-manylinux_2_28_aarch64/lib -L/host/sage-manylinux_2_28_aarch64/lib -Wl,-rpath,/host/sage-manylinux_2_28_aarch64/lib  conftest.c  >&5
configure:3712: $? = 0
configure:3712: result: yes
configure:3712: checking for dup2
configure:3712: gcc -o conftest -g -O2 -std=gnu17 -Wno-implicit-function-declaration  -Wl,-rpath-link,/host/sage-manylinux_2_28_aarch64/lib -L/host/sage-manylinux_2_28_aarch64/lib -Wl,-rpath,/host/sage-manylinux_2_28_aarch64/lib -Wl,-rpath-link,/host/sage-manylinux_2_28_aarch64/lib -L/host/sage-manylinux_2_28_aarch64/lib -Wl,-rpath,/host/sage-manylinux_2_28_aarch64/lib  conftest.c  >&5
configure:3712: $? = 0
configure:3712: result: yes
configure:3712: checking for fchmod
configure:3712: gcc -o conftest -g -O2 -std=gnu17 -Wno-implicit-function-declaration  -Wl,-rpath-link,/host/sage-manylinux_2_28_aarch64/lib -L/host/sage-manylinux_2_28_aarch64/lib -Wl,-rpath,/host/sage-manylinux_2_28_aarch64/lib -Wl,-rpath-link,/host/sage-manylinux_2_28_aarch64/lib -L/host/sage-manylinux_2_28_aarch64/lib -Wl,-rpath,/host/sage-manylinux_2_28_aarch64/lib  conftest.c  >&5
configure:3712: $? = 0
configure:3712: result: yes
configure:3712: checking for fchown
configure:3712: gcc -o conftest -g -O2 -std=gnu17 -Wno-implicit-function-declaration  -Wl,-rpath-link,/host/sage-manylinux_2_28_aarch64/lib -L/host/sage-manylinux_2_28_aarch64/lib -Wl,-rpath,/host/sage-manylinux_2_28_aarch64/lib -Wl,-rpath-link,/host/sage-manylinux_2_28_aarch64/lib -L/host/sage-manylinux_2_28_aarch64/lib -Wl,-rpath,/host/sage-manylinux_2_28_aarch64/lib  conftest.c  >&5
configure:3712: $? = 0
configure:3712: result: yes
configure:3712: checking for fstat
configure:3712: gcc -o conftest -g -O2 -std=gnu17 -Wno-implicit-function-declaration  -Wl,-rpath-link,/host/sage-manylinux_2_28_aarch64/lib -L/host/sage-manylinux_2_28_aarch64/lib -Wl,-rpath,/host/sage-manylinux_2_28_aarch64/lib -Wl,-rpath-link,/host/sage-manylinux_2_28_aarch64/lib -L/host/sage-manylinux_2_28_aarch64/lib -Wl,-rpath,/host/sage-manylinux_2_28_aarch64/lib  conftest.c  >&5
configure:3712: $? = 0
configure:3712: result: yes
configure:3712: checking for gethostbyname
configure:3712: gcc -o conftest -g -O2 -std=gnu17 -Wno-implicit-function-declaration  -Wl,-rpath-link,/host/sage-manylinux_2_28_aarch64/lib -L/host/sage-manylinux_2_28_aarch64/lib -Wl,-rpath,/host/sage-manylinux_2_28_aarch64/lib -Wl,-rpath-link,/host/sage-manylinux_2_28_aarch64/lib -L/host/sage-manylinux_2_28_aarch64/lib -Wl,-rpath,/host/sage-manylinux_2_28_aarch64/lib  conftest.c  >&5
configure:3712: $? = 0
configure:3712: result: yes
configure:3712: checking for gethostname
configure:3712: gcc -o conftest -g -O2 -std=gnu17 -Wno-implicit-function-declaration  -Wl,-rpath-link,/host/sage-manylinux_2_28_aarch64/lib -L/host/sage-manylinux_2_28_aarch64/lib -Wl,-rpath,/host/sage-manylinux_2_28_aarch64/lib -Wl,-rpath-link,/host/sage-manylinux_2_28_aarch64/lib -L/host/sage-manylinux_2_28_aarch64/lib -Wl,-rpath,/host/sage-manylinux_2_28_aarch64/lib  conftest.c  >&5
configure:3712: $? = 0
configure:3712: result: yes
configure:3712: checking for getpid
configure:3712: gcc -o conftest -g -O2 -std=gnu17 -Wno-implicit-function-declaration  -Wl,-rpath-link,/host/sage-manylinux_2_28_aarch64/lib -L/host/sage-manylinux_2_28_aarch64/lib -Wl,-rpath,/host/sage-manylinux_2_28_aarch64/lib -Wl,-rpath-link,/host/sage-manylinux_2_28_aarch64/lib -L/host/sage-manylinux_2_28_aarch64/lib -Wl,-rpath,/host/sage-manylinux_2_28_aarch64/lib  conftest.c  >&5
configure:3712: $? = 0
configure:3712: result: yes
configure:3712: checking for getppid
configure:3712: gcc -o conftest -g -O2 -std=gnu17 -Wno-implicit-function-declaration  -Wl,-rpath-link,/host/sage-manylinux_2_28_aarch64/lib -L/host/sage-manylinux_2_28_aarch64/lib -Wl,-rpath,/host/sage-manylinux_2_28_aarch64/lib -Wl,-rpath-link,/host/sage-manylinux_2_28_aarch64/lib -L/host/sage-manylinux_2_28_aarch64/lib -Wl,-rpath,/host/sage-manylinux_2_28_aarch64/lib  conftest.c  >&5
configure:3712: $? = 0
configure:3712: result: yes
configure:3712: checking for getprotobyname
configure:3712: gcc -o conftest -g -O2 -std=gnu17 -Wno-implicit-function-declaration  -Wl,-rpath-link,/host/sage-manylinux_2_28_aarch64/lib -L/host/sage-manylinux_2_28_aarch64/lib -Wl,-rpath,/host/sage-manylinux_2_28_aarch64/lib -Wl,-rpath-link,/host/sage-manylinux_2_28_aarch64/lib -L/host/sage-manylinux_2_28_aarch64/lib -Wl,-rpath,/host/sage-manylinux_2_28_aarch64/lib  conftest.c  >&5
configure:3712: $? = 0
configure:3712: result: yes
configure:3712: checking for getsockname
configure:3712: gcc -o conftest -g -O2 -std=gnu17 -Wno-implicit-function-declaration  -Wl,-rpath-link,/host/sage-manylinux_2_28_aarch64/lib -L/host/sage-manylinux_2_28_aarch64/lib -Wl,-rpath,/host/sage-manylinux_2_28_aarch64/lib -Wl,-rpath-link,/host/sage-manylinux_2_28_aarch64/lib -L/host/sage-manylinux_2_28_aarch64/lib -Wl,-rpath,/host/sage-manylinux_2_28_aarch64/lib  conftest.c  >&5
configure:3712: $? = 0
configure:3712: result: yes
configure:3712: checking for getsockopt
configure:3712: gcc -o conftest -g -O2 -std=gnu17 -Wno-implicit-function-declaration  -Wl,-rpath-link,/host/sage-manylinux_2_28_aarch64/lib -L/host/sage-manylinux_2_28_aarch64/lib -Wl,-rpath,/host/sage-manylinux_2_28_aarch64/lib -Wl,-rpath-link,/host/sage-manylinux_2_28_aarch64/lib -L/host/sage-manylinux_2_28_aarch64/lib -Wl,-rpath,/host/sage-manylinux_2_28_aarch64/lib  conftest.c  >&5
configure:3712: $? = 0
configure:3712: result: yes
configure:3712: checking for gettimeofday
configure:3712: gcc -o conftest -g -O2 -std=gnu17 -Wno-implicit-function-declaration  -Wl,-rpath-link,/host/sage-manylinux_2_28_aarch64/lib -L/host/sage-manylinux_2_28_aarch64/lib -Wl,-rpath,/host/sage-manylinux_2_28_aarch64/lib -Wl,-rpath-link,/host/sage-manylinux_2_28_aarch64/lib -L/host/sage-manylinux_2_28_aarch64/lib -Wl,-rpath,/host/sage-manylinux_2_28_aarch64/lib  conftest.c  >&5
configure:3712: $? = 0
configure:3712: result: yes
configure:3712: checking for gmtime
configure:3712: gcc -o conftest -g -O2 -std=gnu17 -Wno-implicit-function-declaration  -Wl,-rpath-link,/host/sage-manylinux_2_28_aarch64/lib -L/host/sage-manylinux_2_28_aarch64/lib -Wl,-rpath,/host/sage-manylinux_2_28_aarch64/lib -Wl,-rpath-link,/host/sage-manylinux_2_28_aarch64/lib -L/host/sage-manylinux_2_28_aarch64/lib -Wl,-rpath,/host/sage-manylinux_2_28_aarch64/lib  conftest.c  >&5
configure:3712: $? = 0
configure:3712: result: yes
configure:3712: checking for kill
configure:3712: gcc -o conftest -g -O2 -std=gnu17 -Wno-implicit-function-declaration  -Wl,-rpath-link,/host/sage-manylinux_2_28_aarch64/lib -L/host/sage-manylinux_2_28_aarch64/lib -Wl,-rpath,/host/sage-manylinux_2_28_aarch64/lib -Wl,-rpath-link,/host/sage-manylinux_2_28_aarch64/lib -L/host/sage-manylinux_2_28_aarch64/lib -Wl,-rpath,/host/sage-manylinux_2_28_aarch64/lib  conftest.c  >&5
configure:3712: $? = 0
configure:3712: result: yes
configure:3712: checking for lchown
configure:3712: gcc -o conftest -g -O2 -std=gnu17 -Wno-implicit-function-declaration  -Wl,-rpath-link,/host/sage-manylinux_2_28_aarch64/lib -L/host/sage-manylinux_2_28_aarch64/lib -Wl,-rpath,/host/sage-manylinux_2_28_aarch64/lib -Wl,-rpath-link,/host/sage-manylinux_2_28_aarch64/lib -L/host/sage-manylinux_2_28_aarch64/lib -Wl,-rpath,/host/sage-manylinux_2_28_aarch64/lib  conftest.c  >&5
configure:3712: $? = 0
configure:3712: result: yes
configure:3712: checking for link
configure:3712: gcc -o conftest -g -O2 -std=gnu17 -Wno-implicit-function-declaration  -Wl,-rpath-link,/host/sage-manylinux_2_28_aarch64/lib -L/host/sage-manylinux_2_28_aarch64/lib -Wl,-rpath,/host/sage-manylinux_2_28_aarch64/lib -Wl,-rpath-link,/host/sage-manylinux_2_28_aarch64/lib -L/host/sage-manylinux_2_28_aarch64/lib -Wl,-rpath,/host/sage-manylinux_2_28_aarch64/lib  conftest.c  >&5
configure:3712: $? = 0
configure:3712: result: yes
configure:3712: checking for listen
configure:3712: gcc -o conftest -g -O2 -std=gnu17 -Wno-implicit-function-declaration  -Wl,-rpath-link,/host/sage-manylinux_2_28_aarch64/lib -L/host/sage-manylinux_2_28_aarch64/lib -Wl,-rpath,/host/sage-manylinux_2_28_aarch64/lib -Wl,-rpath-link,/host/sage-manylinux_2_28_aarch64/lib -L/host/sage-manylinux_2_28_aarch64/lib -Wl,-rpath,/host/sage-manylinux_2_28_aarch64/lib  conftest.c  >&5
configure:3712: $? = 0
configure:3712: result: yes
configure:3712: checking for localtime
configure:3712: gcc -o conftest -g -O2 -std=gnu17 -Wno-implicit-function-declaration  -Wl,-rpath-link,/host/sage-manylinux_2_28_aarch64/lib -L/host/sage-manylinux_2_28_aarch64/lib -Wl,-rpath,/host/sage-manylinux_2_28_aarch64/lib -Wl,-rpath-link,/host/sage-manylinux_2_28_aarch64/lib -L/host/sage-manylinux_2_28_aarch64/lib -Wl,-rpath,/host/sage-manylinux_2_28_aarch64/lib  conftest.c  >&5
configure:3712: $? = 0
configure:3712: result: yes
configure:3712: checking for lstat
configure:3712: gcc -o conftest -g -O2 -std=gnu17 -Wno-implicit-function-declaration  -Wl,-rpath-link,/host/sage-manylinux_2_28_aarch64/lib -L/host/sage-manylinux_2_28_aarch64/lib -Wl,-rpath,/host/sage-manylinux_2_28_aarch64/lib -Wl,-rpath-link,/host/sage-manylinux_2_28_aarch64/lib -L/host/sage-manylinux_2_28_aarch64/lib -Wl,-rpath,/host/sage-manylinux_2_28_aarch64/lib  conftest.c  >&5
configure:3712: $? = 0
configure:3712: result: yes
configure:3712: checking for memset
configure:3712: gcc -o conftest -g -O2 -std=gnu17 -Wno-implicit-function-declaration  -Wl,-rpath-link,/host/sage-manylinux_2_28_aarch64/lib -L/host/sage-manylinux_2_28_aarch64/lib -Wl,-rpath,/host/sage-manylinux_2_28_aarch64/lib -Wl,-rpath-link,/host/sage-manylinux_2_28_aarch64/lib -L/host/sage-manylinux_2_28_aarch64/lib -Wl,-rpath,/host/sage-manylinux_2_28_aarch64/lib  conftest.c  >&5
conftest.c:74:6: warning: conflicting types for built-in function 'memset'; expected 'void *(void *, int,  long unsigned int)' [-Wbuiltin-declaration-mismatch]
   74 | char memset (void);
      |      ^~~~~~
conftest.c:66:1: note: 'memset' is declared in header '<string.h>'
   65 | #include <limits.h>
   66 | #undef memset
configure:3712: $? = 0
configure:3712: result: yes
configure:3712: checking for mkdir
configure:3712: gcc -o conftest -g -O2 -std=gnu17 -Wno-implicit-function-declaration  -Wl,-rpath-link,/host/sage-manylinux_2_28_aarch64/lib -L/host/sage-manylinux_2_28_aarch64/lib -Wl,-rpath,/host/sage-manylinux_2_28_aarch64/lib -Wl,-rpath-link,/host/sage-manylinux_2_28_aarch64/lib -L/host/sage-manylinux_2_28_aarch64/lib -Wl,-rpath,/host/sage-manylinux_2_28_aarch64/lib  conftest.c  >&5
configure:3712: $? = 0
configure:3712: result: yes
configure:3712: checking for mkdtemp
configure:3712: gcc -o conftest -g -O2 -std=gnu17 -Wno-implicit-function-declaration  -Wl,-rpath-link,/host/sage-manylinux_2_28_aarch64/lib -L/host/sage-manylinux_2_28_aarch64/lib -Wl,-rpath,/host/sage-manylinux_2_28_aarch64/lib -Wl,-rpath-link,/host/sage-manylinux_2_28_aarch64/lib -L/host/sage-manylinux_2_28_aarch64/lib -Wl,-rpath,/host/sage-manylinux_2_28_aarch64/lib  conftest.c  >&5
configure:3712: $? = 0
configure:3712: result: yes
configure:3712: checking for mkfifo
configure:3712: gcc -o conftest -g -O2 -std=gnu17 -Wno-implicit-function-declaration  -Wl,-rpath-link,/host/sage-manylinux_2_28_aarch64/lib -L/host/sage-manylinux_2_28_aarch64/lib -Wl,-rpath,/host/sage-manylinux_2_28_aarch64/lib -Wl,-rpath-link,/host/sage-manylinux_2_28_aarch64/lib -L/host/sage-manylinux_2_28_aarch64/lib -Wl,-rpath,/host/sage-manylinux_2_28_aarch64/lib  conftest.c  >&5
configure:3712: $? = 0
configure:3712: result: yes
configure:3712: checking for mknod
configure:3712: gcc -o conftest -g -O2 -std=gnu17 -Wno-implicit-function-declaration  -Wl,-rpath-link,/host/sage-manylinux_2_28_aarch64/lib -L/host/sage-manylinux_2_28_aarch64/lib -Wl,-rpath,/host/sage-manylinux_2_28_aarch64/lib -Wl,-rpath-link,/host/sage-manylinux_2_28_aarch64/lib -L/host/sage-manylinux_2_28_aarch64/lib -Wl,-rpath,/host/sage-manylinux_2_28_aarch64/lib  conftest.c  >&5
configure:3712: $? = 0
configure:3712: result: yes
configure:3712: checking for mkstemp
configure:3712: gcc -o conftest -g -O2 -std=gnu17 -Wno-implicit-function-declaration  -Wl,-rpath-link,/host/sage-manylinux_2_28_aarch64/lib -L/host/sage-manylinux_2_28_aarch64/lib -Wl,-rpath,/host/sage-manylinux_2_28_aarch64/lib -Wl,-rpath-link,/host/sage-manylinux_2_28_aarch64/lib -L/host/sage-manylinux_2_28_aarch64/lib -Wl,-rpath,/host/sage-manylinux_2_28_aarch64/lib  conftest.c  >&5
configure:3712: $? = 0
configure:3712: result: yes
configure:3712: checking for opendir
configure:3712: gcc -o conftest -g -O2 -std=gnu17 -Wno-implicit-function-declaration  -Wl,-rpath-link,/host/sage-manylinux_2_28_aarch64/lib -L/host/sage-manylinux_2_28_aarch64/lib -Wl,-rpath,/host/sage-manylinux_2_28_aarch64/lib -Wl,-rpath-link,/host/sage-manylinux_2_28_aarch64/lib -L/host/sage-manylinux_2_28_aarch64/lib -Wl,-rpath,/host/sage-manylinux_2_28_aarch64/lib  conftest.c  >&5
configure:3712: $? = 0
configure:3712: result: yes
configure:3712: checking for readdir
configure:3712: gcc -o conftest -g -O2 -std=gnu17 -Wno-implicit-function-declaration  -Wl,-rpath-link,/host/sage-manylinux_2_28_aarch64/lib -L/host/sage-manylinux_2_28_aarch64/lib -Wl,-rpath,/host/sage-manylinux_2_28_aarch64/lib -Wl,-rpath-link,/host/sage-manylinux_2_28_aarch64/lib -L/host/sage-manylinux_2_28_aarch64/lib -Wl,-rpath,/host/sage-manylinux_2_28_aarch64/lib  conftest.c  >&5
configure:3712: $? = 0
configure:3712: result: yes
configure:3712: checking for readlink
configure:3712: gcc -o conftest -g -O2 -std=gnu17 -Wno-implicit-function-declaration  -Wl,-rpath-link,/host/sage-manylinux_2_28_aarch64/lib -L/host/sage-manylinux_2_28_aarch64/lib -Wl,-rpath,/host/sage-manylinux_2_28_aarch64/lib -Wl,-rpath-link,/host/sage-manylinux_2_28_aarch64/lib -L/host/sage-manylinux_2_28_aarch64/lib -Wl,-rpath,/host/sage-manylinux_2_28_aarch64/lib  conftest.c  >&5
configure:3712: $? = 0
configure:3712: result: yes
configure:3712: checking for recv
configure:3712: gcc -o conftest -g -O2 -std=gnu17 -Wno-implicit-function-declaration  -Wl,-rpath-link,/host/sage-manylinux_2_28_aarch64/lib -L/host/sage-manylinux_2_28_aarch64/lib -Wl,-rpath,/host/sage-manylinux_2_28_aarch64/lib -Wl,-rpath-link,/host/sage-manylinux_2_28_aarch64/lib -L/host/sage-manylinux_2_28_aarch64/lib -Wl,-rpath,/host/sage-manylinux_2_28_aarch64/lib  conftest.c  >&5
configure:3712: $? = 0
configure:3712: result: yes
configure:3712: checking for recvfrom
configure:3712: gcc -o conftest -g -O2 -std=gnu17 -Wno-implicit-function-declaration  -Wl,-rpath-link,/host/sage-manylinux_2_28_aarch64/lib -L/host/sage-manylinux_2_28_aarch64/lib -Wl,-rpath,/host/sage-manylinux_2_28_aarch64/lib -Wl,-rpath-link,/host/sage-manylinux_2_28_aarch64/lib -L/host/sage-manylinux_2_28_aarch64/lib -Wl,-rpath,/host/sage-manylinux_2_28_aarch64/lib  conftest.c  >&5
configure:3712: $? = 0
configure:3712: result: yes
configure:3712: checking for rename
configure:3712: gcc -o conftest -g -O2 -std=gnu17 -Wno-implicit-function-declaration  -Wl,-rpath-link,/host/sage-manylinux_2_28_aarch64/lib -L/host/sage-manylinux_2_28_aarch64/lib -Wl,-rpath,/host/sage-manylinux_2_28_aarch64/lib -Wl,-rpath-link,/host/sage-manylinux_2_28_aarch64/lib -L/host/sage-manylinux_2_28_aarch64/lib -Wl,-rpath,/host/sage-manylinux_2_28_aarch64/lib  conftest.c  >&5
configure:3712: $? = 0
configure:3712: result: yes
configure:3712: checking for rewinddir
configure:3712: gcc -o conftest -g -O2 -std=gnu17 -Wno-implicit-function-declaration  -Wl,-rpath-link,/host/sage-manylinux_2_28_aarch64/lib -L/host/sage-manylinux_2_28_aarch64/lib -Wl,-rpath,/host/sage-manylinux_2_28_aarch64/lib -Wl,-rpath-link,/host/sage-manylinux_2_28_aarch64/lib -L/host/sage-manylinux_2_28_aarch64/lib -Wl,-rpath,/host/sage-manylinux_2_28_aarch64/lib  conftest.c  >&5
configure:3712: $? = 0
configure:3712: result: yes
configure:3712: checking for rmdir
configure:3712: gcc -o conftest -g -O2 -std=gnu17 -Wno-implicit-function-declaration  -Wl,-rpath-link,/host/sage-manylinux_2_28_aarch64/lib -L/host/sage-manylinux_2_28_aarch64/lib -Wl,-rpath,/host/sage-manylinux_2_28_aarch64/lib -Wl,-rpath-link,/host/sage-manylinux_2_28_aarch64/lib -L/host/sage-manylinux_2_28_aarch64/lib -Wl,-rpath,/host/sage-manylinux_2_28_aarch64/lib  conftest.c  >&5
configure:3712: $? = 0
configure:3712: result: yes
configure:3712: checking for seekdir
configure:3712: gcc -o conftest -g -O2 -std=gnu17 -Wno-implicit-function-declaration  -Wl,-rpath-link,/host/sage-manylinux_2_28_aarch64/lib -L/host/sage-manylinux_2_28_aarch64/lib -Wl,-rpath,/host/sage-manylinux_2_28_aarch64/lib -Wl,-rpath-link,/host/sage-manylinux_2_28_aarch64/lib -L/host/sage-manylinux_2_28_aarch64/lib -Wl,-rpath,/host/sage-manylinux_2_28_aarch64/lib  conftest.c  >&5
configure:3712: $? = 0
configure:3712: result: yes
configure:3712: checking for select
configure:3712: gcc -o conftest -g -O2 -std=gnu17 -Wno-implicit-function-declaration  -Wl,-rpath-link,/host/sage-manylinux_2_28_aarch64/lib -L/host/sage-manylinux_2_28_aarch64/lib -Wl,-rpath,/host/sage-manylinux_2_28_aarch64/lib -Wl,-rpath-link,/host/sage-manylinux_2_28_aarch64/lib -L/host/sage-manylinux_2_28_aarch64/lib -Wl,-rpath,/host/sage-manylinux_2_28_aarch64/lib  conftest.c  >&5
configure:3712: $? = 0
configure:3712: result: yes
configure:3712: checking for send
configure:3712: gcc -o conftest -g -O2 -std=gnu17 -Wno-implicit-function-declaration  -Wl,-rpath-link,/host/sage-manylinux_2_28_aarch64/lib -L/host/sage-manylinux_2_28_aarch64/lib -Wl,-rpath,/host/sage-manylinux_2_28_aarch64/lib -Wl,-rpath-link,/host/sage-manylinux_2_28_aarch64/lib -L/host/sage-manylinux_2_28_aarch64/lib -Wl,-rpath,/host/sage-manylinux_2_28_aarch64/lib  conftest.c  >&5
configure:3712: $? = 0
configure:3712: result: yes
configure:3712: checking for sendto
configure:3712: gcc -o conftest -g -O2 -std=gnu17 -Wno-implicit-function-declaration  -Wl,-rpath-link,/host/sage-manylinux_2_28_aarch64/lib -L/host/sage-manylinux_2_28_aarch64/lib -Wl,-rpath,/host/sage-manylinux_2_28_aarch64/lib -Wl,-rpath-link,/host/sage-manylinux_2_28_aarch64/lib -L/host/sage-manylinux_2_28_aarch64/lib -Wl,-rpath,/host/sage-manylinux_2_28_aarch64/lib  conftest.c  >&5
configure:3712: $? = 0
configure:3712: result: yes
configure:3712: checking for setsockopt
configure:3712: gcc -o conftest -g -O2 -std=gnu17 -Wno-implicit-function-declaration  -Wl,-rpath-link,/host/sage-manylinux_2_28_aarch64/lib -L/host/sage-manylinux_2_28_aarch64/lib -Wl,-rpath,/host/sage-manylinux_2_28_aarch64/lib -Wl,-rpath-link,/host/sage-manylinux_2_28_aarch64/lib -L/host/sage-manylinux_2_28_aarch64/lib -Wl,-rpath,/host/sage-manylinux_2_28_aarch64/lib  conftest.c  >&5
configure:3712: $? = 0
configure:3712: result: yes
configure:3712: checking for sigaction
configure:3712: gcc -o conftest -g -O2 -std=gnu17 -Wno-implicit-function-declaration  -Wl,-rpath-link,/host/sage-manylinux_2_28_aarch64/lib -L/host/sage-manylinux_2_28_aarch64/lib -Wl,-rpath,/host/sage-manylinux_2_28_aarch64/lib -Wl,-rpath-link,/host/sage-manylinux_2_28_aarch64/lib -L/host/sage-manylinux_2_28_aarch64/lib -Wl,-rpath,/host/sage-manylinux_2_28_aarch64/lib  conftest.c  >&5
configure:3712: $? = 0
configure:3712: result: yes
configure:3712: checking for signal
configure:3712: gcc -o conftest -g -O2 -std=gnu17 -Wno-implicit-function-declaration  -Wl,-rpath-link,/host/sage-manylinux_2_28_aarch64/lib -L/host/sage-manylinux_2_28_aarch64/lib -Wl,-rpath,/host/sage-manylinux_2_28_aarch64/lib -Wl,-rpath-link,/host/sage-manylinux_2_28_aarch64/lib -L/host/sage-manylinux_2_28_aarch64/lib -Wl,-rpath,/host/sage-manylinux_2_28_aarch64/lib  conftest.c  >&5
configure:3712: $? = 0
configure:3712: result: yes
configure:3712: checking for socket
configure:3712: gcc -o conftest -g -O2 -std=gnu17 -Wno-implicit-function-declaration  -Wl,-rpath-link,/host/sage-manylinux_2_28_aarch64/lib -L/host/sage-manylinux_2_28_aarch64/lib -Wl,-rpath,/host/sage-manylinux_2_28_aarch64/lib -Wl,-rpath-link,/host/sage-manylinux_2_28_aarch64/lib -L/host/sage-manylinux_2_28_aarch64/lib -Wl,-rpath,/host/sage-manylinux_2_28_aarch64/lib  conftest.c  >&5
configure:3712: $? = 0
configure:3712: result: yes
configure:3712: checking for stat
configure:3712: gcc -o conftest -g -O2 -std=gnu17 -Wno-implicit-function-declaration  -Wl,-rpath-link,/host/sage-manylinux_2_28_aarch64/lib -L/host/sage-manylinux_2_28_aarch64/lib -Wl,-rpath,/host/sage-manylinux_2_28_aarch64/lib -Wl,-rpath-link,/host/sage-manylinux_2_28_aarch64/lib -L/host/sage-manylinux_2_28_aarch64/lib -Wl,-rpath,/host/sage-manylinux_2_28_aarch64/lib  conftest.c  >&5
configure:3712: $? = 0
configure:3712: result: yes
configure:3712: checking for symlink
configure:3712: gcc -o conftest -g -O2 -std=gnu17 -Wno-implicit-function-declaration  -Wl,-rpath-link,/host/sage-manylinux_2_28_aarch64/lib -L/host/sage-manylinux_2_28_aarch64/lib -Wl,-rpath,/host/sage-manylinux_2_28_aarch64/lib -Wl,-rpath-link,/host/sage-manylinux_2_28_aarch64/lib -L/host/sage-manylinux_2_28_aarch64/lib -Wl,-rpath,/host/sage-manylinux_2_28_aarch64/lib  conftest.c  >&5
configure:3712: $? = 0
configure:3712: result: yes
configure:3712: checking for telldir
configure:3712: gcc -o conftest -g -O2 -std=gnu17 -Wno-implicit-function-declaration  -Wl,-rpath-link,/host/sage-manylinux_2_28_aarch64/lib -L/host/sage-manylinux_2_28_aarch64/lib -Wl,-rpath,/host/sage-manylinux_2_28_aarch64/lib -Wl,-rpath-link,/host/sage-manylinux_2_28_aarch64/lib -L/host/sage-manylinux_2_28_aarch64/lib -Wl,-rpath,/host/sage-manylinux_2_28_aarch64/lib  conftest.c  >&5
configure:3712: $? = 0
configure:3712: result: yes
configure:3712: checking for unlink
configure:3712: gcc -o conftest -g -O2 -std=gnu17 -Wno-implicit-function-declaration  -Wl,-rpath-link,/host/sage-manylinux_2_28_aarch64/lib -L/host/sage-manylinux_2_28_aarch64/lib -Wl,-rpath,/host/sage-manylinux_2_28_aarch64/lib -Wl,-rpath-link,/host/sage-manylinux_2_28_aarch64/lib -L/host/sage-manylinux_2_28_aarch64/lib -Wl,-rpath,/host/sage-manylinux_2_28_aarch64/lib  conftest.c  >&5
configure:3712: $? = 0
configure:3712: result: yes
configure:3725: checking for working fork
configure:3749: gcc -o conftest -g -O2 -std=gnu17 -Wno-implicit-function-declaration  -Wl,-rpath-link,/host/sage-manylinux_2_28_aarch64/lib -L/host/sage-manylinux_2_28_aarch64/lib -Wl,-rpath,/host/sage-manylinux_2_28_aarch64/lib -Wl,-rpath-link,/host/sage-manylinux_2_28_aarch64/lib -L/host/sage-manylinux_2_28_aarch64/lib -Wl,-rpath,/host/sage-manylinux_2_28_aarch64/lib  conftest.c  >&5
configure:3749: $? = 0
configure:3749: ./conftest
configure:3749: $? = 0
configure:3763: result: yes
configure:3784: checking for working vfork
configure:3916: result: yes
configure:4111: creating ./config.status

## ---------------------- ##
## Running config.status. ##
## ---------------------- ##

This file was extended by io config.status package, which was
generated by GNU Autoconf 2.72.  Invocation command line was

  CONFIG_FILES    = 
  CONFIG_HEADERS  = 
  CONFIG_LINKS    = 
  CONFIG_COMMANDS = 
  $ ./config.status 

on e648d63e0f7d

config.status:865: creating Makefile
config.status:865: creating gen/pkgconfig.h

## ---------------- ##
## Cache variables. ##
## ---------------- ##

ac_cv_c_compiler_gnu=yes
ac_cv_env_CC_set=set
ac_cv_env_CC_value=gcc
ac_cv_env_CFLAGS_set=set
ac_cv_env_CFLAGS_value='-g -O2 -std=gnu17 -Wno-implicit-function-declaration'
ac_cv_env_CPPFLAGS_set=
ac_cv_env_CPPFLAGS_value=
ac_cv_env_LDFLAGS_set=set
ac_cv_env_LDFLAGS_value='-Wl,-rpath-link,/host/sage-manylinux_2_28_aarch64/lib -L/host/sage-manylinux_2_28_aarch64/lib -Wl,-rpath,/host/sage-manylinux_2_28_aarch64/lib -Wl,-rpath-link,/host/sage-manylinux_2_28_aarch64/lib -L/host/sage-manylinux_2_28_aarch64/lib -Wl,-rpath,/host/sage-manylinux_2_28_aarch64/lib '
ac_cv_env_LIBS_set=
ac_cv_env_LIBS_value=
ac_cv_env_build_alias_set=
ac_cv_env_build_alias_value=
ac_cv_env_host_alias_set=
ac_cv_env_host_alias_value=
ac_cv_env_target_alias_set=
ac_cv_env_target_alias_value=
ac_cv_func_accept=yes
ac_cv_func_bind=yes
ac_cv_func_chmod=yes
ac_cv_func_chown=yes
ac_cv_func_closedir=yes
ac_cv_func_connect=yes
ac_cv_func_dup2=yes
ac_cv_func_dup=yes
ac_cv_func_fchmod=yes
ac_cv_func_fchown=yes
ac_cv_func_fork=yes
ac_cv_func_fork_works=yes
ac_cv_func_fstat=yes
ac_cv_func_gethostbyname=yes
ac_cv_func_gethostname=yes
ac_cv_func_getpid=yes
ac_cv_func_getppid=yes
ac_cv_func_getprotobyname=yes
ac_cv_func_getsockname=yes
ac_cv_func_getsockopt=yes
ac_cv_func_gettimeofday=yes
ac_cv_func_gmtime=yes
ac_cv_func_kill=yes
ac_cv_func_lchown=yes
ac_cv_func_link=yes
ac_cv_func_listen=yes
ac_cv_func_localtime=yes
ac_cv_func_lstat=yes
ac_cv_func_memset=yes
ac_cv_func_mkdir=yes
ac_cv_func_mkdtemp=yes
ac_cv_func_mkfifo=yes
ac_cv_func_mknod=yes
ac_cv_func_mkstemp=yes
ac_cv_func_opendir=yes
ac_cv_func_readdir=yes
ac_cv_func_readlink=yes
ac_cv_func_recv=yes
ac_cv_func_recvfrom=yes
ac_cv_func_rename=yes
ac_cv_func_rewinddir=yes
ac_cv_func_rmdir=yes
ac_cv_func_seekdir=yes
ac_cv_func_select=yes
ac_cv_func_send=yes
ac_cv_func_sendto=yes
ac_cv_func_setsockopt=yes
ac_cv_func_sigaction=yes
ac_cv_func_signal=yes
ac_cv_func_socket=yes
ac_cv_func_stat=yes
ac_cv_func_symlink=yes
ac_cv_func_telldir=yes
ac_cv_func_unlink=yes
ac_cv_func_vfork=yes
ac_cv_func_vfork_works=yes
ac_cv_header_dirent_h=yes
ac_cv_header_fcntl_h=yes
ac_cv_header_inttypes_h=yes
ac_cv_header_netdb_h=yes
ac_cv_header_netinet_in_h=yes
ac_cv_header_netinet_tcp_h=yes
ac_cv_header_signal_h=yes
ac_cv_header_stdint_h=yes
ac_cv_header_stdio_h=yes
ac_cv_header_stdlib_h=yes
ac_cv_header_string_h=yes
ac_cv_header_strings_h=yes
ac_cv_header_sys_param_h=yes
ac_cv_header_sys_socket_h=yes
ac_cv_header_sys_stat_h=yes
ac_cv_header_sys_time_h=yes
ac_cv_header_sys_types_h=yes
ac_cv_header_sys_wait_h=yes
ac_cv_header_time_h=yes
ac_cv_header_unistd_h=yes
ac_cv_header_vfork_h=no
ac_cv_objext=o
ac_cv_prog_ac_ct_CC=gcc
ac_cv_prog_cc_c11=
ac_cv_prog_cc_g=yes
ac_cv_prog_cc_stdc=
ac_cv_type_pid_t=yes

## ----------------- ##
## Output variables. ##
## ----------------- ##

CC='gcc'
CFLAGS='-g -O2 -std=gnu17 -Wno-implicit-function-declaration'
CPPFLAGS=''
DEFS='-DHAVE_CONFIG_H'
ECHO_C=''
ECHO_N='-n'
ECHO_T=''
EXEEXT=''
GAPARCH='aarch64-unknown-linux-gnu-default64-kv9'
GAPROOT='/host/sage-manylinux_2_28_aarch64/lib/gap'
GAP_CFLAGS=' -pthread -g -O2'
GAP_CPPFLAGS='-I/host/sage-manylinux_2_28_aarch64/include/gap -I/host/sage-manylinux_2_28_aarch64/include -DUSE_GASMAN=1 -I/src'
GAP_LDFLAGS=''
LDFLAGS='-Wl,-rpath-link,/host/sage-manylinux_2_28_aarch64/lib -L/host/sage-manylinux_2_28_aarch64/lib -Wl,-rpath,/host/sage-manylinux_2_28_aarch64/lib -Wl,-rpath-link,/host/sage-manylinux_2_28_aarch64/lib -L/host/sage-manylinux_2_28_aarch64/lib -Wl,-rpath,/host/sage-manylinux_2_28_aarch64/lib '
LIBOBJS=''
LIBS=''
LTLIBOBJS=''
OBJEXT='o'
PACKAGE_BUGREPORT='https://github.com/gap-packages/io/issues'
PACKAGE_NAME='io'
PACKAGE_STRING='io package'
PACKAGE_TARNAME='io'
PACKAGE_URL='https://gap-packages.github.io/io/'
PACKAGE_VERSION='package'
PATH_SEPARATOR=':'
SHELL='/bin/sh'
ac_ct_CC='gcc'
bindir='${exec_prefix}/bin'
build_alias=''
datadir='${datarootdir}'
datarootdir='${prefix}/share'
docdir='${datarootdir}/doc/${PACKAGE_TARNAME}'
dvidir='${docdir}'
exec_prefix='${prefix}'
host_alias=''
htmldir='${docdir}'
includedir='${prefix}/include'
infodir='${datarootdir}/info'
libdir='${exec_prefix}/lib'
libexecdir='${exec_prefix}/libexec'
localedir='${datarootdir}/locale'
localstatedir='${prefix}/var'
mandir='${datarootdir}/man'
oldincludedir='/usr/include'
pdfdir='${docdir}'
prefix='/usr/local'
program_transform_name='s,x,x,'
psdir='${docdir}'
runstatedir='${localstatedir}/run'
sbindir='${exec_prefix}/sbin'
sharedstatedir='${prefix}/com'
sysconfdir='${prefix}/etc'
target_alias=''

## ----------- ##
## confdefs.h. ##
## ----------- ##

/* confdefs.h */
#define PACKAGE_NAME "io"
#define PACKAGE_TARNAME "io"
#define PACKAGE_VERSION "package"
#define PACKAGE_STRING "io package"
#define PACKAGE_BUGREPORT "https://github.com/gap-packages/io/issues"
#define PACKAGE_URL "https://gap-packages.github.io/io/"
#define HAVE_STDIO_H 1
#define HAVE_STDLIB_H 1
#define HAVE_STRING_H 1
#define HAVE_INTTYPES_H 1
#define HAVE_STDINT_H 1
#define HAVE_STRINGS_H 1
#define HAVE_SYS_STAT_H 1
#define HAVE_SYS_TYPES_H 1
#define HAVE_UNISTD_H 1
#define HAVE_DIRENT_H 1
#define HAVE_FCNTL_H 1
#define HAVE_NETDB_H 1
#define HAVE_NETINET_IN_H 1
#define HAVE_NETINET_TCP_H 1
#define HAVE_SIGNAL_H 1
#define HAVE_SYS_PARAM_H 1
#define HAVE_SYS_SOCKET_H 1
#define HAVE_SYS_TIME_H 1
#define HAVE_SYS_WAIT_H 1
#define HAVE_TIME_H 1
#define STDC_HEADERS 1
#define HAVE_FORK 1
#define HAVE_VFORK 1
#define HAVE_ACCEPT 1
#define HAVE_BIND 1
#define HAVE_CHMOD 1
#define HAVE_CHOWN 1
#define HAVE_CLOSEDIR 1
#define HAVE_CONNECT 1
#define HAVE_DUP 1
#define HAVE_DUP2 1
#define HAVE_FCHMOD 1
#define HAVE_FCHOWN 1
#define HAVE_FSTAT 1
#define HAVE_GETHOSTBYNAME 1
#define HAVE_GETHOSTNAME 1
#define HAVE_GETPID 1
#define HAVE_GETPPID 1
#define HAVE_GETPROTOBYNAME 1
#define HAVE_GETSOCKNAME 1
#define HAVE_GETSOCKOPT 1
#define HAVE_GETTIMEOFDAY 1
#define HAVE_GMTIME 1
#define HAVE_KILL 1
#define HAVE_LCHOWN 1
#define HAVE_LINK 1
#define HAVE_LISTEN 1
#define HAVE_LOCALTIME 1
#define HAVE_LSTAT 1
#define HAVE_MEMSET 1
#define HAVE_MKDIR 1
#define HAVE_MKDTEMP 1
#define HAVE_MKFIFO 1
#define HAVE_MKNOD 1
#define HAVE_MKSTEMP 1
#define HAVE_OPENDIR 1
#define HAVE_READDIR 1
#define HAVE_READLINK 1
#define HAVE_RECV 1
#define HAVE_RECVFROM 1
#define HAVE_RENAME 1
#define HAVE_REWINDDIR 1
#define HAVE_RMDIR 1
#define HAVE_SEEKDIR 1
#define HAVE_SELECT 1
#define HAVE_SEND 1
#define HAVE_SENDTO 1
#define HAVE_SETSOCKOPT 1
#define HAVE_SIGACTION 1
#define HAVE_SIGNAL 1
#define HAVE_SOCKET 1
#define HAVE_STAT 1
#define HAVE_SYMLINK 1
#define HAVE_TELLDIR 1
#define HAVE_UNLINK 1
#define HAVE_WORKING_VFORK 1
#define HAVE_WORKING_FORK 1

configure: exit 0

## ---------------------- ##
## Running config.status. ##
## ---------------------- ##

This file was extended by io config.status package, which was
generated by GNU Autoconf 2.72.  Invocation command line was

  CONFIG_FILES    = 
  CONFIG_HEADERS  = 
  CONFIG_LINKS    = 
  CONFIG_COMMANDS = 
  $ ./config.status gen/pkgconfig.h

on e648d63e0f7d

config.status:865: creating gen/pkgconfig.h
