convert /home/wdaems/mnt/pegasus/lab/finessensual/tests/2025-05/UB-DMW.xml as a Calc document -> /home/wdaems/mnt/pegasus/lab/finessensual/tests/2025-05/UB-DMW.xlsx using filter : Calc Office Open XML
convert /home/wdaems/mnt/pegasus/lab/finessensual/tests/2025-05/UB-STJ.xml as a Calc document -> /home/wdaems/mnt/pegasus/lab/finessensual/tests/2025-05/UB-STJ.xlsx using filter : Calc Office Open XML
convert /home/wdaems/mnt/pegasus/lab/finessensual/tests/2025-05/Budgetboekingen-FFP250084.xls as a Calc document -> /home/wdaems/mnt/pegasus/lab/finessensual/tests/2025-05/Budgetboekingen-FFP250084.xlsx using filter : Calc Office Open XML
convert /home/wdaems/mnt/pegasus/lab/finessensual/tests/2025-05/Budgetboekingen-FFP230001.xls as a Calc document -> /home/wdaems/mnt/pegasus/lab/finessensual/tests/2025-05/Budgetboekingen-FFP230001.xlsx using filter : Calc Office Open XML
convert /home/wdaems/mnt/pegasus/lab/finessensual/tests/2025-05/Budgetboekingen-FFP230382.xls as a Calc document -> /home/wdaems/mnt/pegasus/lab/finessensual/tests/2025-05/Budgetboekingen-FFP230382.xlsx using filter : Calc Office Open XML
convert /home/wdaems/mnt/pegasus/lab/finessensual/tests/2025-05/Budgetboekingen-FFI240377.xls as a Calc document -> /home/wdaems/mnt/pegasus/lab/finessensual/tests/2025-05/Budgetboekingen-FFI240377.xlsx using filter : Calc Office Open XML
convert /home/wdaems/mnt/pegasus/lab/finessensual/tests/2025-05/Budgetboekingen-FFP230383.xls as a Calc document -> /home/wdaems/mnt/pegasus/lab/finessensual/tests/2025-05/Budgetboekingen-FFP230383.xlsx using filter : Calc Office Open XML
convert /home/wdaems/mnt/pegasus/lab/finessensual/tests/2025-05/Budgetboekingen-FFI230414.xls as a Calc document -> /home/wdaems/mnt/pegasus/lab/finessensual/tests/2025-05/Budgetboekingen-FFI230414.xlsx using filter : Calc Office Open XML
convert /home/wdaems/mnt/pegasus/lab/finessensual/tests/2025-05/Budgetboekingen-FFP240410.xls as a Calc document -> /home/wdaems/mnt/pegasus/lab/finessensual/tests/2025-05/Budgetboekingen-FFP240410.xlsx using filter : Calc Office Open XML
convert /home/wdaems/mnt/pegasus/lab/finessensual/tests/2025-05/Budgetboekingen-FFP240117.xls as a Calc document -> /home/wdaems/mnt/pegasus/lab/finessensual/tests/2025-05/Budgetboekingen-FFP240117.xlsx using filter : Calc Office Open XML
convert /home/wdaems/mnt/pegasus/lab/finessensual/tests/2025-05/VBTransacties-RA140003.xls as a Calc document -> /home/wdaems/mnt/pegasus/lab/finessensual/tests/2025-05/VBTransacties-RA140003.xlsx using filter : Calc Office Open XML
convert /home/wdaems/mnt/pegasus/lab/finessensual/tests/2025-05/VBTransacties-AO240005.xls as a Calc document -> /home/wdaems/mnt/pegasus/lab/finessensual/tests/2025-05/VBTransacties-AO240005.xlsx using filter : Calc Office Open XML
convert /home/wdaems/mnt/pegasus/lab/finessensual/tests/2025-05/VBTransacties-AK160007.xls as a Calc document -> /home/wdaems/mnt/pegasus/lab/finessensual/tests/2025-05/VBTransacties-AK160007.xlsx using filter : Calc Office Open XML
convert /home/wdaems/mnt/pegasus/lab/finessensual/tests/2025-05/VBTransacties-WO170003.xls as a Calc document -> /home/wdaems/mnt/pegasus/lab/finessensual/tests/2025-05/VBTransacties-WO170003.xlsx using filter : Calc Office Open XML
convert /home/wdaems/mnt/pegasus/lab/finessensual/tests/2025-05/VBTransacties-AK130109.xls as a Calc document -> /home/wdaems/mnt/pegasus/lab/finessensual/tests/2025-05/VBTransacties-AK130109.xlsx using filter : Calc Office Open XML
convert /home/wdaems/mnt/pegasus/lab/finessensual/tests/2025-05/Transacties-FFI230414.xls as a Calc document -> /home/wdaems/mnt/pegasus/lab/finessensual/tests/2025-05/Transacties-FFI230414.xlsx using filter : Calc Office Open XML
convert /home/wdaems/mnt/pegasus/lab/finessensual/tests/2025-05/Transacties-FFI240377.xls as a Calc document -> /home/wdaems/mnt/pegasus/lab/finessensual/tests/2025-05/Transacties-FFI240377.xlsx using filter : Calc Office Open XML
convert /home/wdaems/mnt/pegasus/lab/finessensual/tests/2025-05/Transacties-FFP230001.xls as a Calc document -> /home/wdaems/mnt/pegasus/lab/finessensual/tests/2025-05/Transacties-FFP230001.xlsx using filter : Calc Office Open XML
convert /home/wdaems/mnt/pegasus/lab/finessensual/tests/2025-05/Transacties-FFP240117.xls as a Calc document -> /home/wdaems/mnt/pegasus/lab/finessensual/tests/2025-05/Transacties-FFP240117.xlsx using filter : Calc Office Open XML
convert /home/wdaems/mnt/pegasus/lab/finessensual/tests/2025-05/Transacties-FFP240410.xls as a Calc document -> /home/wdaems/mnt/pegasus/lab/finessensual/tests/2025-05/Transacties-FFP240410.xlsx using filter : Calc Office Open XML
convert /home/wdaems/mnt/pegasus/lab/finessensual/tests/2025-05/Transacties-FFP230383.xls as a Calc document -> /home/wdaems/mnt/pegasus/lab/finessensual/tests/2025-05/Transacties-FFP230383.xlsx using filter : Calc Office Open XML
convert /home/wdaems/mnt/pegasus/lab/finessensual/tests/2025-05/Lonen-transacties-DMW.xml as a Calc document -> /home/wdaems/mnt/pegasus/lab/finessensual/tests/2025-05/Lonen-transacties-DMW.xlsx using filter : Calc Office Open XML
convert /home/wdaems/mnt/pegasus/lab/finessensual/tests/2025-05/Lonen-transacties-VRJ.xml as a Calc document -> /home/wdaems/mnt/pegasus/lab/finessensual/tests/2025-05/Lonen-transacties-VRJ.xlsx using filter : Calc Office Open XML
convert /home/wdaems/mnt/pegasus/lab/finessensual/tests/2025-05/Lonen-transacties-STJ.xml as a Calc document -> /home/wdaems/mnt/pegasus/lab/finessensual/tests/2025-05/Lonen-transacties-STJ.xlsx using filter : Calc Office Open XML
convert /home/wdaems/mnt/pegasus/lab/finessensual/tests/2025-05/UU-STJ.xml as a Calc document -> /home/wdaems/mnt/pegasus/lab/finessensual/tests/2025-05/UU-STJ.xlsx using filter : Calc Office Open XML
convert /home/wdaems/mnt/pegasus/lab/finessensual/tests/2025-05/UU-DMW.xml as a Calc document -> /home/wdaems/mnt/pegasus/lab/finessensual/tests/2025-05/UU-DMW.xlsx using filter : Calc Office Open XML
convert /home/wdaems/mnt/pegasus/lab/finessensual/tests/2025-05/UV-STJ.xml as a Calc document -> /home/wdaems/mnt/pegasus/lab/finessensual/tests/2025-05/UV-STJ.xlsx using filter : Calc Office Open XML
convert /home/wdaems/mnt/pegasus/lab/finessensual/tests/2025-05/UV-DMW.xml as a Calc document -> /home/wdaems/mnt/pegasus/lab/finessensual/tests/2025-05/UV-DMW.xlsx using filter : Calc Office Open XML
